<?xml version="1.0" encoding="utf-8"?>
<coverage line-rate="1" branch-rate="0.983" version="1.9" timestamp="1683733668" lines-covered="237" lines-valid="237" branches-covered="116" branches-valid="118">
  <sources>
    <source>C:\</source>
  </sources>
  <packages>
    <package name="ce100-hw3-algo-lib-cs" line-rate="1" branch-rate="0.983" complexity="144">
      <classes>
        <class name="Algorithms.Edge" filename="Users\ebcak\source\repos\ce100-hw3-sln\ce100-hw3-sln\Algorithms.cs" line-rate="1" branch-rate="0.5" complexity="6">
          <methods>
            <method name="get_StartN" signature="()" line-rate="1" branch-rate="1" complexity="1">
              <lines>
                <line number="19" hits="1420" branch="False" />
              </lines>
            </method>
            <method name="get_EndN" signature="()" line-rate="1" branch-rate="1" complexity="1">
              <lines>
                <line number="24" hits="1420" branch="False" />
              </lines>
            </method>
            <method name="get_Weight" signature="()" line-rate="1" branch-rate="1" complexity="1">
              <lines>
                <line number="29" hits="4610" branch="False" />
              </lines>
            </method>
            <method name="CompareTo" signature="(Algorithms.Edge)" line-rate="1" branch-rate="0.5" complexity="2">
              <lines>
                <line number="53" hits="1949" branch="True" condition-coverage="50% (1/2)">
                  <conditions>
                    <condition number="10" type="jump" coverage="50%" />
                  </conditions>
                </line>
              </lines>
            </method>
            <method name=".ctor" signature="(System.Int32,System.Int32,System.Int32)" line-rate="1" branch-rate="1" complexity="1">
              <lines>
                <line number="38" hits="712" branch="False" />
                <line number="40" hits="712" branch="False" />
                <line number="41" hits="712" branch="False" />
                <line number="42" hits="712" branch="False" />
                <line number="43" hits="712" branch="False" />
              </lines>
            </method>
          </methods>
          <lines>
            <line number="19" hits="1420" branch="False" />
            <line number="24" hits="1420" branch="False" />
            <line number="29" hits="4610" branch="False" />
            <line number="53" hits="1949" branch="True" condition-coverage="50% (1/2)">
              <conditions>
                <condition number="10" type="jump" coverage="50%" />
              </conditions>
            </line>
            <line number="38" hits="712" branch="False" />
            <line number="40" hits="712" branch="False" />
            <line number="41" hits="712" branch="False" />
            <line number="42" hits="712" branch="False" />
            <line number="43" hits="712" branch="False" />
          </lines>
        </class>
        <class name="Algorithms.KruskalAlgorithm" filename="Users\ebcak\source\repos\ce100-hw3-sln\ce100-hw3-sln\Algorithms.cs" line-rate="1" branch-rate="1" complexity="8">
          <methods>
            <method name="Kruskal" signature="(System.Int32,System.Collections.Generic.List`1&lt;Algorithms.Edge&gt;)" line-rate="1" branch-rate="1" complexity="4">
              <lines>
                <line number="77" hits="72" branch="False" />
                <line number="80" hits="72" branch="False" />
                <line number="83" hits="72" branch="False" />
                <line number="84" hits="1560" branch="True" condition-coverage="100% (2/2)">
                  <conditions>
                    <condition number="96" type="jump" coverage="100%" />
                  </conditions>
                </line>
                <line number="86" hits="708" branch="False" />
                <line number="87" hits="708" branch="False" />
                <line number="89" hits="708" branch="True" condition-coverage="100% (2/2)">
                  <conditions>
                    <condition number="74" type="jump" coverage="100%" />
                  </conditions>
                </line>
                <line number="92" hits="284" branch="False" />
                <line number="95" hits="284" branch="False" />
                <line number="100" hits="72" branch="False" />
              </lines>
            </method>
            <method name="FindRoot" signature="(System.Int32,System.Int32[])" line-rate="1" branch-rate="1" complexity="4">
              <lines>
                <line number="114" hits="1416" branch="False" />
                <line number="115" hits="1416" branch="False" />
                <line number="117" hits="2261" branch="True" condition-coverage="100% (2/2)">
                  <conditions>
                    <condition number="32" type="jump" coverage="100%" />
                  </conditions>
                </line>
                <line number="119" hits="845" branch="False" />
                <line number="120" hits="845" branch="False" />
                <line number="123" hits="2261" branch="True" condition-coverage="100% (2/2)">
                  <conditions>
                    <condition number="47" type="jump" coverage="100%" />
                  </conditions>
                </line>
                <line number="125" hits="845" branch="False" />
                <line number="126" hits="845" branch="False" />
                <line number="127" hits="845" branch="False" />
                <line number="130" hits="1416" branch="False" />
              </lines>
            </method>
          </methods>
          <lines>
            <line number="77" hits="72" branch="False" />
            <line number="80" hits="72" branch="False" />
            <line number="83" hits="72" branch="False" />
            <line number="84" hits="1560" branch="True" condition-coverage="100% (2/2)">
              <conditions>
                <condition number="96" type="jump" coverage="100%" />
              </conditions>
            </line>
            <line number="86" hits="708" branch="False" />
            <line number="87" hits="708" branch="False" />
            <line number="89" hits="708" branch="True" condition-coverage="100% (2/2)">
              <conditions>
                <condition number="74" type="jump" coverage="100%" />
              </conditions>
            </line>
            <line number="92" hits="284" branch="False" />
            <line number="95" hits="284" branch="False" />
            <line number="100" hits="72" branch="False" />
            <line number="114" hits="1416" branch="False" />
            <line number="115" hits="1416" branch="False" />
            <line number="117" hits="2261" branch="True" condition-coverage="100% (2/2)">
              <conditions>
                <condition number="32" type="jump" coverage="100%" />
              </conditions>
            </line>
            <line number="119" hits="845" branch="False" />
            <line number="120" hits="845" branch="False" />
            <line number="123" hits="2261" branch="True" condition-coverage="100% (2/2)">
              <conditions>
                <condition number="47" type="jump" coverage="100%" />
              </conditions>
            </line>
            <line number="125" hits="845" branch="False" />
            <line number="126" hits="845" branch="False" />
            <line number="127" hits="845" branch="False" />
            <line number="130" hits="1416" branch="False" />
          </lines>
        </class>
        <class name="Algorithms.BellmanFordAlgorithm" filename="Users\ebcak\source\repos\ce100-hw3-sln\ce100-hw3-sln\Algorithms.cs" line-rate="1" branch-rate="1" complexity="20">
          <methods>
            <method name="ShortestPath" signature="(System.Collections.Generic.List`1&lt;Algorithms.BellmanFordAlgorithm/Edge&gt;,System.Int32,System.Int32)" line-rate="1" branch-rate="1" complexity="20">
              <lines>
                <line number="180" hits="3" branch="False" />
                <line number="181" hits="3" branch="False" />
                <line number="182" hits="3" branch="False" />
                <line number="184" hits="62" branch="True" condition-coverage="100% (2/2)">
                  <conditions>
                    <condition number="44" type="jump" coverage="100%" />
                  </conditions>
                </line>
                <line number="186" hits="28" branch="False" />
                <line number="189" hits="3" branch="False" />
                <line number="191" hits="28" branch="True" condition-coverage="100% (2/2)">
                  <conditions>
                    <condition number="180" type="jump" coverage="100%" />
                  </conditions>
                </line>
                <line number="193" hits="13" branch="False" />
                <line number="195" hits="278" branch="True" condition-coverage="100% (2/2)">
                  <conditions>
                    <condition number="149" type="jump" coverage="100%" />
                  </conditions>
                </line>
                <line number="197" hits="126" branch="False" />
                <line number="198" hits="126" branch="False" />
                <line number="199" hits="126" branch="False" />
                <line number="201" hits="126" branch="True" condition-coverage="100% (4/4)">
                  <conditions>
                    <condition number="107" type="jump" coverage="100%" />
                    <condition number="120" type="jump" coverage="100%" />
                  </conditions>
                </line>
                <line number="203" hits="70" branch="False" />
                <line number="204" hits="70" branch="False" />
                <line number="205" hits="70" branch="False" />
                <line number="209" hits="13" branch="True" condition-coverage="100% (2/2)">
                  <conditions>
                    <condition number="169" type="jump" coverage="100%" />
                  </conditions>
                </line>
                <line number="216" hits="47" branch="True" condition-coverage="100% (2/2)">
                  <conditions>
                    <condition number="264" type="jump" coverage="100%" />
                  </conditions>
                </line>
                <line number="218" hits="21" branch="False" />
                <line number="219" hits="21" branch="False" />
                <line number="220" hits="21" branch="False" />
                <line number="222" hits="21" branch="True" condition-coverage="100% (4/4)">
                  <conditions>
                    <condition number="231" type="jump" coverage="100%" />
                    <condition number="244" type="jump" coverage="100%" />
                  </conditions>
                </line>
                <line number="224" hits="1" branch="False" />
                <line number="229" hits="2" branch="False" />
                <line number="230" hits="2" branch="False" />
                <line number="231" hits="9" branch="True" condition-coverage="100% (2/2)">
                  <conditions>
                    <condition number="318" type="jump" coverage="100%" />
                  </conditions>
                </line>
                <line number="233" hits="7" branch="False" />
                <line number="234" hits="7" branch="False" />
                <line number="237" hits="2" branch="False" />
              </lines>
            </method>
          </methods>
          <lines>
            <line number="180" hits="3" branch="False" />
            <line number="181" hits="3" branch="False" />
            <line number="182" hits="3" branch="False" />
            <line number="184" hits="62" branch="True" condition-coverage="100% (2/2)">
              <conditions>
                <condition number="44" type="jump" coverage="100%" />
              </conditions>
            </line>
            <line number="186" hits="28" branch="False" />
            <line number="189" hits="3" branch="False" />
            <line number="191" hits="28" branch="True" condition-coverage="100% (2/2)">
              <conditions>
                <condition number="180" type="jump" coverage="100%" />
              </conditions>
            </line>
            <line number="193" hits="13" branch="False" />
            <line number="195" hits="278" branch="True" condition-coverage="100% (2/2)">
              <conditions>
                <condition number="149" type="jump" coverage="100%" />
              </conditions>
            </line>
            <line number="197" hits="126" branch="False" />
            <line number="198" hits="126" branch="False" />
            <line number="199" hits="126" branch="False" />
            <line number="201" hits="126" branch="True" condition-coverage="100% (4/4)">
              <conditions>
                <condition number="107" type="jump" coverage="100%" />
                <condition number="120" type="jump" coverage="100%" />
              </conditions>
            </line>
            <line number="203" hits="70" branch="False" />
            <line number="204" hits="70" branch="False" />
            <line number="205" hits="70" branch="False" />
            <line number="209" hits="13" branch="True" condition-coverage="100% (2/2)">
              <conditions>
                <condition number="169" type="jump" coverage="100%" />
              </conditions>
            </line>
            <line number="216" hits="47" branch="True" condition-coverage="100% (2/2)">
              <conditions>
                <condition number="264" type="jump" coverage="100%" />
              </conditions>
            </line>
            <line number="218" hits="21" branch="False" />
            <line number="219" hits="21" branch="False" />
            <line number="220" hits="21" branch="False" />
            <line number="222" hits="21" branch="True" condition-coverage="100% (4/4)">
              <conditions>
                <condition number="231" type="jump" coverage="100%" />
                <condition number="244" type="jump" coverage="100%" />
              </conditions>
            </line>
            <line number="224" hits="1" branch="False" />
            <line number="229" hits="2" branch="False" />
            <line number="230" hits="2" branch="False" />
            <line number="231" hits="9" branch="True" condition-coverage="100% (2/2)">
              <conditions>
                <condition number="318" type="jump" coverage="100%" />
              </conditions>
            </line>
            <line number="233" hits="7" branch="False" />
            <line number="234" hits="7" branch="False" />
            <line number="237" hits="2" branch="False" />
          </lines>
        </class>
        <class name="Algorithms.BellmanFordAlgorithm/Edge" filename="Users\ebcak\source\repos\ce100-hw3-sln\ce100-hw3-sln\Algorithms.cs" line-rate="1" branch-rate="1" complexity="3">
          <methods>
            <method name="get_Start" signature="()" line-rate="1" branch-rate="1" complexity="1">
              <lines>
                <line number="149" hits="175" branch="False" />
              </lines>
            </method>
            <method name="get_End" signature="()" line-rate="1" branch-rate="1" complexity="1">
              <lines>
                <line number="155" hits="175" branch="False" />
              </lines>
            </method>
            <method name="get_Weight" signature="()" line-rate="1" branch-rate="1" complexity="1">
              <lines>
                <line number="161" hits="175" branch="False" />
              </lines>
            </method>
          </methods>
          <lines>
            <line number="149" hits="175" branch="False" />
            <line number="155" hits="175" branch="False" />
            <line number="161" hits="175" branch="False" />
          </lines>
        </class>
        <class name="Algorithms.HuffmanAlgorithm" filename="Users\ebcak\source\repos\ce100-hw3-sln\ce100-hw3-sln\Algorithms.cs" line-rate="1" branch-rate="1" complexity="5">
          <methods>
            <method name="WriteBitArray" signature="(System.IO.BinaryWriter,System.Collections.BitArray)" line-rate="1" branch-rate="1" complexity="1">
              <lines>
                <line number="572" hits="2" branch="False" />
                <line number="573" hits="2" branch="False" />
                <line number="574" hits="2" branch="False" />
                <line number="575" hits="2" branch="False" />
              </lines>
            </method>
            <method name="ReadBitArray" signature="(System.IO.BinaryReader,System.Int64)" line-rate="1" branch-rate="1" complexity="4">
              <lines>
                <line number="579" hits="2" branch="False" />
                <line number="580" hits="2" branch="False" />
                <line number="581" hits="2257938" branch="True" condition-coverage="100% (2/2)">
                  <conditions>
                    <condition number="65" type="jump" coverage="100%" />
                  </conditions>
                </line>
                <line number="583" hits="20321406" branch="True" condition-coverage="100% (2/2)">
                  <conditions>
                    <condition number="55" type="jump" coverage="100%" />
                  </conditions>
                </line>
                <line number="585" hits="9031736" branch="False" />
                <line number="588" hits="2" branch="False" />
              </lines>
            </method>
          </methods>
          <lines>
            <line number="572" hits="2" branch="False" />
            <line number="573" hits="2" branch="False" />
            <line number="574" hits="2" branch="False" />
            <line number="575" hits="2" branch="False" />
            <line number="579" hits="2" branch="False" />
            <line number="580" hits="2" branch="False" />
            <line number="581" hits="2257938" branch="True" condition-coverage="100% (2/2)">
              <conditions>
                <condition number="65" type="jump" coverage="100%" />
              </conditions>
            </line>
            <line number="583" hits="20321406" branch="True" condition-coverage="100% (2/2)">
              <conditions>
                <condition number="55" type="jump" coverage="100%" />
              </conditions>
            </line>
            <line number="585" hits="9031736" branch="False" />
            <line number="588" hits="2" branch="False" />
          </lines>
        </class>
        <class name="Algorithms.HuffmanAlgorithm/Node_Txt" filename="Users\ebcak\source\repos\ce100-hw3-sln\ce100-hw3-sln\Algorithms.cs" line-rate="1" branch-rate="1" complexity="16">
          <methods>
            <method name="get_Symbol" signature="()" line-rate="1" branch-rate="1" complexity="1">
              <lines>
                <line number="253" hits="17875319" branch="False" />
              </lines>
            </method>
            <method name="get_Frequency" signature="()" line-rate="1" branch-rate="1" complexity="1">
              <lines>
                <line number="254" hits="364" branch="False" />
              </lines>
            </method>
            <method name="get_Right" signature="()" line-rate="1" branch-rate="1" complexity="1">
              <lines>
                <line number="255" hits="70408912" branch="False" />
              </lines>
            </method>
            <method name="get_Left" signature="()" line-rate="1" branch-rate="1" complexity="1">
              <lines>
                <line number="256" hits="55774397" branch="False" />
              </lines>
            </method>
            <method name="Traverse" signature="(System.Char,System.Collections.Generic.List`1&lt;System.Boolean&gt;)" line-rate="1" branch-rate="1" complexity="12">
              <lines>
                <line number="261" hits="33516135" branch="True" condition-coverage="100% (4/4)">
                  <conditions>
                    <condition number="6" type="jump" coverage="100%" />
                    <condition number="14" type="jump" coverage="100%" />
                  </conditions>
                </line>
                <line number="263" hits="17130469" branch="True" condition-coverage="100% (2/2)">
                  <conditions>
                    <condition number="29" type="jump" coverage="100%" />
                  </conditions>
                </line>
                <line number="265" hits="744803" branch="False" />
                <line number="269" hits="16385666" branch="False" />
                <line number="274" hits="16385666" branch="False" />
                <line number="275" hits="16385666" branch="False" />
                <line number="277" hits="16385666" branch="True" condition-coverage="100% (2/2)">
                  <conditions>
                    <condition number="45" type="jump" coverage="100%" />
                  </conditions>
                </line>
                <line number="279" hits="16385666" branch="False" />
                <line number="280" hits="16385666" branch="False" />
                <line number="281" hits="16385666" branch="False" />
                <line number="283" hits="16385666" branch="False" />
                <line number="286" hits="16385666" branch="True" condition-coverage="100% (2/2)">
                  <conditions>
                    <condition number="87" type="jump" coverage="100%" />
                  </conditions>
                </line>
                <line number="288" hits="16385666" branch="False" />
                <line number="289" hits="16385666" branch="False" />
                <line number="290" hits="16385666" branch="False" />
                <line number="291" hits="16385666" branch="False" />
                <line number="294" hits="16385666" branch="True" condition-coverage="100% (2/2)">
                  <conditions>
                    <condition number="124" type="jump" coverage="100%" />
                  </conditions>
                </line>
                <line number="296" hits="1394748" branch="False" />
                <line number="300" hits="14990918" branch="False" />
              </lines>
            </method>
          </methods>
          <lines>
            <line number="253" hits="17875319" branch="False" />
            <line number="254" hits="364" branch="False" />
            <line number="255" hits="70408912" branch="False" />
            <line number="256" hits="55774397" branch="False" />
            <line number="261" hits="33516135" branch="True" condition-coverage="100% (4/4)">
              <conditions>
                <condition number="6" type="jump" coverage="100%" />
                <condition number="14" type="jump" coverage="100%" />
              </conditions>
            </line>
            <line number="263" hits="17130469" branch="True" condition-coverage="100% (2/2)">
              <conditions>
                <condition number="29" type="jump" coverage="100%" />
              </conditions>
            </line>
            <line number="265" hits="744803" branch="False" />
            <line number="269" hits="16385666" branch="False" />
            <line number="274" hits="16385666" branch="False" />
            <line number="275" hits="16385666" branch="False" />
            <line number="277" hits="16385666" branch="True" condition-coverage="100% (2/2)">
              <conditions>
                <condition number="45" type="jump" coverage="100%" />
              </conditions>
            </line>
            <line number="279" hits="16385666" branch="False" />
            <line number="280" hits="16385666" branch="False" />
            <line number="281" hits="16385666" branch="False" />
            <line number="283" hits="16385666" branch="False" />
            <line number="286" hits="16385666" branch="True" condition-coverage="100% (2/2)">
              <conditions>
                <condition number="87" type="jump" coverage="100%" />
              </conditions>
            </line>
            <line number="288" hits="16385666" branch="False" />
            <line number="289" hits="16385666" branch="False" />
            <line number="290" hits="16385666" branch="False" />
            <line number="291" hits="16385666" branch="False" />
            <line number="294" hits="16385666" branch="True" condition-coverage="100% (2/2)">
              <conditions>
                <condition number="124" type="jump" coverage="100%" />
              </conditions>
            </line>
            <line number="296" hits="1394748" branch="False" />
            <line number="300" hits="14990918" branch="False" />
          </lines>
        </class>
        <class name="Algorithms.HuffmanAlgorithm/HuffmanTree" filename="Users\ebcak\source\repos\ce100-hw3-sln\ce100-hw3-sln\Algorithms.cs" line-rate="1" branch-rate="1" complexity="26">
          <methods>
            <method name="get_Root" signature="()" line-rate="1" branch-rate="1" complexity="1">
              <lines>
                <line number="309" hits="1489631" branch="False" />
              </lines>
            </method>
            <method name="Build" signature="(System.String)" line-rate="1" branch-rate="1" complexity="10">
              <lines>
                <line number="314" hits="1489608" branch="True" condition-coverage="100% (2/2)">
                  <conditions>
                    <condition number="85" type="jump" coverage="100%" />
                  </conditions>
                </line>
                <line number="316" hits="744803" branch="True" condition-coverage="100% (2/2)">
                  <conditions>
                    <condition number="22" type="jump" coverage="100%" />
                  </conditions>
                </line>
                <line number="318" hits="23" branch="False" />
                <line number="321" hits="744803" branch="False" />
                <line number="324" hits="48" branch="True" condition-coverage="100% (2/2)">
                  <conditions>
                    <condition number="159" type="jump" coverage="100%" />
                  </conditions>
                </line>
                <line number="326" hits="23" branch="False" />
                <line number="329" hits="23" branch="True" condition-coverage="100% (2/2)">
                  <conditions>
                    <condition number="415" type="jump" coverage="100%" />
                  </conditions>
                </line>
                <line number="331" hits="297" branch="False" />
                <line number="333" hits="22" branch="True" condition-coverage="100% (2/2)">
                  <conditions>
                    <condition number="237" type="jump" coverage="100%" />
                  </conditions>
                </line>
                <line number="336" hits="22" branch="False" />
                <line number="339" hits="22" branch="False" />
                <line number="340" hits="22" branch="False" />
                <line number="341" hits="22" branch="False" />
                <line number="342" hits="22" branch="False" />
                <line number="343" hits="22" branch="False" />
                <line number="344" hits="22" branch="False" />
                <line number="345" hits="22" branch="False" />
                <line number="347" hits="22" branch="False" />
                <line number="348" hits="22" branch="False" />
                <line number="349" hits="22" branch="False" />
                <line number="352" hits="22" branch="False" />
                <line number="356" hits="1" branch="False" />
              </lines>
            </method>
            <method name="Encode" signature="(System.String)" line-rate="1" branch-rate="1" complexity="2">
              <lines>
                <line number="360" hits="1" branch="False" />
                <line number="362" hits="1489608" branch="True" condition-coverage="100% (2/2)">
                  <conditions>
                    <condition number="52" type="jump" coverage="100%" />
                  </conditions>
                </line>
                <line number="364" hits="744803" branch="False" />
                <line number="365" hits="744803" branch="False" />
                <line number="368" hits="1" branch="False" />
                <line number="370" hits="1" branch="False" />
              </lines>
            </method>
            <method name="Decode" signature="(System.Collections.BitArray)" line-rate="1" branch-rate="1" complexity="10">
              <lines>
                <line number="375" hits="1" branch="False" />
                <line number="376" hits="1" branch="False" />
                <line number="378" hits="6166130" branch="True" condition-coverage="100% (2/2)">
                  <conditions>
                    <condition number="110" type="jump" coverage="100%" />
                  </conditions>
                </line>
                <line number="380" hits="3083064" branch="True" condition-coverage="100% (2/2)">
                  <conditions>
                    <condition number="33" type="jump" coverage="100%" />
                  </conditions>
                </line>
                <line number="382" hits="1688309" branch="True" condition-coverage="100% (2/2)">
                  <conditions>
                    <condition number="41" type="jump" coverage="100%" />
                  </conditions>
                </line>
                <line number="384" hits="1688309" branch="False" />
                <line number="389" hits="1394755" branch="True" condition-coverage="100% (2/2)">
                  <conditions>
                    <condition number="58" type="jump" coverage="100%" />
                  </conditions>
                </line>
                <line number="391" hits="1394755" branch="False" />
                <line number="395" hits="3083064" branch="True" condition-coverage="100% (2/2)">
                  <conditions>
                    <condition number="74" type="jump" coverage="100%" />
                  </conditions>
                </line>
                <line number="397" hits="744805" branch="False" />
                <line number="398" hits="744805" branch="False" />
                <line number="402" hits="1" branch="False" />
              </lines>
            </method>
            <method name="IsLeaf" signature="(Algorithms.HuffmanAlgorithm/Node_Txt)" line-rate="1" branch-rate="1" complexity="2">
              <lines>
                <line number="407" hits="3083064" branch="True" condition-coverage="100% (2/2)">
                  <conditions>
                    <condition number="6" type="jump" coverage="100%" />
                  </conditions>
                </line>
              </lines>
            </method>
            <method name=".ctor" signature="()" line-rate="1" branch-rate="1" complexity="1">
              <lines>
                <line number="308" hits="1" branch="False" />
                <line number="310" hits="1" branch="False" />
              </lines>
            </method>
          </methods>
          <lines>
            <line number="309" hits="1489631" branch="False" />
            <line number="314" hits="1489608" branch="True" condition-coverage="100% (2/2)">
              <conditions>
                <condition number="85" type="jump" coverage="100%" />
              </conditions>
            </line>
            <line number="316" hits="744803" branch="True" condition-coverage="100% (2/2)">
              <conditions>
                <condition number="22" type="jump" coverage="100%" />
              </conditions>
            </line>
            <line number="318" hits="23" branch="False" />
            <line number="321" hits="744803" branch="False" />
            <line number="324" hits="48" branch="True" condition-coverage="100% (2/2)">
              <conditions>
                <condition number="159" type="jump" coverage="100%" />
              </conditions>
            </line>
            <line number="326" hits="23" branch="False" />
            <line number="329" hits="23" branch="True" condition-coverage="100% (2/2)">
              <conditions>
                <condition number="415" type="jump" coverage="100%" />
              </conditions>
            </line>
            <line number="331" hits="297" branch="False" />
            <line number="333" hits="22" branch="True" condition-coverage="100% (2/2)">
              <conditions>
                <condition number="237" type="jump" coverage="100%" />
              </conditions>
            </line>
            <line number="336" hits="22" branch="False" />
            <line number="339" hits="22" branch="False" />
            <line number="340" hits="22" branch="False" />
            <line number="341" hits="22" branch="False" />
            <line number="342" hits="22" branch="False" />
            <line number="343" hits="22" branch="False" />
            <line number="344" hits="22" branch="False" />
            <line number="345" hits="22" branch="False" />
            <line number="347" hits="22" branch="False" />
            <line number="348" hits="22" branch="False" />
            <line number="349" hits="22" branch="False" />
            <line number="352" hits="22" branch="False" />
            <line number="356" hits="1" branch="False" />
            <line number="360" hits="1" branch="False" />
            <line number="362" hits="1489608" branch="True" condition-coverage="100% (2/2)">
              <conditions>
                <condition number="52" type="jump" coverage="100%" />
              </conditions>
            </line>
            <line number="364" hits="744803" branch="False" />
            <line number="365" hits="744803" branch="False" />
            <line number="368" hits="1" branch="False" />
            <line number="370" hits="1" branch="False" />
            <line number="375" hits="1" branch="False" />
            <line number="376" hits="1" branch="False" />
            <line number="378" hits="6166130" branch="True" condition-coverage="100% (2/2)">
              <conditions>
                <condition number="110" type="jump" coverage="100%" />
              </conditions>
            </line>
            <line number="380" hits="3083064" branch="True" condition-coverage="100% (2/2)">
              <conditions>
                <condition number="33" type="jump" coverage="100%" />
              </conditions>
            </line>
            <line number="382" hits="1688309" branch="True" condition-coverage="100% (2/2)">
              <conditions>
                <condition number="41" type="jump" coverage="100%" />
              </conditions>
            </line>
            <line number="384" hits="1688309" branch="False" />
            <line number="389" hits="1394755" branch="True" condition-coverage="100% (2/2)">
              <conditions>
                <condition number="58" type="jump" coverage="100%" />
              </conditions>
            </line>
            <line number="391" hits="1394755" branch="False" />
            <line number="395" hits="3083064" branch="True" condition-coverage="100% (2/2)">
              <conditions>
                <condition number="74" type="jump" coverage="100%" />
              </conditions>
            </line>
            <line number="397" hits="744805" branch="False" />
            <line number="398" hits="744805" branch="False" />
            <line number="402" hits="1" branch="False" />
            <line number="407" hits="3083064" branch="True" condition-coverage="100% (2/2)">
              <conditions>
                <condition number="6" type="jump" coverage="100%" />
              </conditions>
            </line>
            <line number="308" hits="1" branch="False" />
            <line number="310" hits="1" branch="False" />
          </lines>
        </class>
        <class name="Algorithms.HuffmanAlgorithm/Node_mp3" filename="Users\ebcak\source\repos\ce100-hw3-sln\ce100-hw3-sln\Algorithms.cs" line-rate="1" branch-rate="0.9285" complexity="18">
          <methods>
            <method name="get_Symbol" signature="()" line-rate="1" branch-rate="1" complexity="1">
              <lines>
                <line number="414" hits="191414882" branch="False" />
              </lines>
            </method>
            <method name="get_Frequency" signature="()" line-rate="1" branch-rate="1" complexity="1">
              <lines>
                <line number="415" hits="33916" branch="False" />
              </lines>
            </method>
            <method name="get_Left" signature="()" line-rate="1" branch-rate="1" complexity="1">
              <lines>
                <line number="416" hits="772111114" branch="False" />
              </lines>
            </method>
            <method name="get_Right" signature="()" line-rate="1" branch-rate="1" complexity="1">
              <lines>
                <line number="417" hits="577443176" branch="False" />
              </lines>
            </method>
            <method name="Traverse_mp3" signature="(System.Nullable`1&lt;System.Byte&gt;,System.Collections.Generic.List`1&lt;System.Boolean&gt;)" line-rate="1" branch-rate="0.9285" complexity="14">
              <lines>
                <line number="422" hits="380594333" branch="True" condition-coverage="100% (4/4)">
                  <conditions>
                    <condition number="6" type="jump" coverage="100%" />
                    <condition number="14" type="jump" coverage="100%" />
                  </conditions>
                </line>
                <line number="424" hits="190669568" branch="True" condition-coverage="75% (3/4)">
                  <conditions>
                    <condition number="31" type="jump" coverage="50%" />
                    <condition number="74" type="jump" coverage="100%" />
                  </conditions>
                </line>
                <line number="426" hits="744803" branch="False" />
                <line number="430" hits="189924765" branch="False" />
                <line number="435" hits="189924765" branch="False" />
                <line number="436" hits="189924765" branch="False" />
                <line number="438" hits="189924765" branch="True" condition-coverage="100% (2/2)">
                  <conditions>
                    <condition number="91" type="jump" coverage="100%" />
                  </conditions>
                </line>
                <line number="440" hits="189924765" branch="False" />
                <line number="441" hits="189924765" branch="False" />
                <line number="442" hits="189924765" branch="False" />
                <line number="444" hits="189924765" branch="False" />
                <line number="447" hits="189924765" branch="True" condition-coverage="100% (2/2)">
                  <conditions>
                    <condition number="137" type="jump" coverage="100%" />
                  </conditions>
                </line>
                <line number="449" hits="189924765" branch="False" />
                <line number="450" hits="189924765" branch="False" />
                <line number="451" hits="189924765" branch="False" />
                <line number="453" hits="189924765" branch="False" />
                <line number="456" hits="189924765" branch="True" condition-coverage="100% (2/2)">
                  <conditions>
                    <condition number="179" type="jump" coverage="100%" />
                  </conditions>
                </line>
                <line number="458" hits="2859157" branch="False" />
                <line number="462" hits="187065608" branch="False" />
              </lines>
            </method>
          </methods>
          <lines>
            <line number="414" hits="191414882" branch="False" />
            <line number="415" hits="33916" branch="False" />
            <line number="416" hits="772111114" branch="False" />
            <line number="417" hits="577443176" branch="False" />
            <line number="422" hits="380594333" branch="True" condition-coverage="100% (4/4)">
              <conditions>
                <condition number="6" type="jump" coverage="100%" />
                <condition number="14" type="jump" coverage="100%" />
              </conditions>
            </line>
            <line number="424" hits="190669568" branch="True" condition-coverage="75% (3/4)">
              <conditions>
                <condition number="31" type="jump" coverage="50%" />
                <condition number="74" type="jump" coverage="100%" />
              </conditions>
            </line>
            <line number="426" hits="744803" branch="False" />
            <line number="430" hits="189924765" branch="False" />
            <line number="435" hits="189924765" branch="False" />
            <line number="436" hits="189924765" branch="False" />
            <line number="438" hits="189924765" branch="True" condition-coverage="100% (2/2)">
              <conditions>
                <condition number="91" type="jump" coverage="100%" />
              </conditions>
            </line>
            <line number="440" hits="189924765" branch="False" />
            <line number="441" hits="189924765" branch="False" />
            <line number="442" hits="189924765" branch="False" />
            <line number="444" hits="189924765" branch="False" />
            <line number="447" hits="189924765" branch="True" condition-coverage="100% (2/2)">
              <conditions>
                <condition number="137" type="jump" coverage="100%" />
              </conditions>
            </line>
            <line number="449" hits="189924765" branch="False" />
            <line number="450" hits="189924765" branch="False" />
            <line number="451" hits="189924765" branch="False" />
            <line number="453" hits="189924765" branch="False" />
            <line number="456" hits="189924765" branch="True" condition-coverage="100% (2/2)">
              <conditions>
                <condition number="179" type="jump" coverage="100%" />
              </conditions>
            </line>
            <line number="458" hits="2859157" branch="False" />
            <line number="462" hits="187065608" branch="False" />
          </lines>
        </class>
        <class name="Algorithms.HuffmanAlgorithm/HuffmanTree_mp3" filename="Users\ebcak\source\repos\ce100-hw3-sln\ce100-hw3-sln\Algorithms.cs" line-rate="1" branch-rate="1" complexity="26">
          <methods>
            <method name="get_Root" signature="()" line-rate="1" branch-rate="1" complexity="1">
              <lines>
                <line number="471" hits="1489862" branch="False" />
              </lines>
            </method>
            <method name="Build" signature="(System.Byte[])" line-rate="1" branch-rate="1" complexity="10">
              <lines>
                <line number="476" hits="1489608" branch="True" condition-coverage="100% (2/2)">
                  <conditions>
                    <condition number="70" type="jump" coverage="100%" />
                  </conditions>
                </line>
                <line number="478" hits="744803" branch="True" condition-coverage="100% (2/2)">
                  <conditions>
                    <condition number="18" type="jump" coverage="100%" />
                  </conditions>
                </line>
                <line number="480" hits="256" branch="False" />
                <line number="483" hits="744803" branch="False" />
                <line number="486" hits="514" branch="True" condition-coverage="100% (2/2)">
                  <conditions>
                    <condition number="144" type="jump" coverage="100%" />
                  </conditions>
                </line>
                <line number="488" hits="256" branch="False" />
                <line number="491" hits="256" branch="True" condition-coverage="100% (2/2)">
                  <conditions>
                    <condition number="403" type="jump" coverage="100%" />
                  </conditions>
                </line>
                <line number="493" hits="33150" branch="False" />
                <line number="495" hits="255" branch="True" condition-coverage="100% (2/2)">
                  <conditions>
                    <condition number="222" type="jump" coverage="100%" />
                  </conditions>
                </line>
                <line number="498" hits="255" branch="False" />
                <line number="501" hits="255" branch="False" />
                <line number="502" hits="255" branch="False" />
                <line number="503" hits="255" branch="False" />
                <line number="504" hits="255" branch="False" />
                <line number="505" hits="255" branch="False" />
                <line number="506" hits="255" branch="False" />
                <line number="507" hits="255" branch="False" />
                <line number="509" hits="255" branch="False" />
                <line number="510" hits="255" branch="False" />
                <line number="511" hits="255" branch="False" />
                <line number="514" hits="255" branch="False" />
                <line number="516" hits="1" branch="False" />
              </lines>
            </method>
            <method name="Encode" signature="(System.Byte[])" line-rate="1" branch-rate="1" complexity="2">
              <lines>
                <line number="520" hits="1" branch="False" />
                <line number="522" hits="1489608" branch="True" condition-coverage="100% (2/2)">
                  <conditions>
                    <condition number="50" type="jump" coverage="100%" />
                  </conditions>
                </line>
                <line number="524" hits="744803" branch="False" />
                <line number="525" hits="744803" branch="False" />
                <line number="528" hits="1" branch="False" />
                <line number="530" hits="1" branch="False" />
              </lines>
            </method>
            <method name="Decode" signature="(System.Collections.BitArray)" line-rate="1" branch-rate="1" complexity="10">
              <lines>
                <line number="535" hits="1" branch="False" />
                <line number="536" hits="1" branch="False" />
                <line number="538" hits="11897346" branch="True" condition-coverage="100% (2/2)">
                  <conditions>
                    <condition number="101" type="jump" coverage="100%" />
                  </conditions>
                </line>
                <line number="540" hits="5948672" branch="True" condition-coverage="100% (2/2)">
                  <conditions>
                    <condition number="33" type="jump" coverage="100%" />
                  </conditions>
                </line>
                <line number="542" hits="3089510" branch="True" condition-coverage="100% (2/2)">
                  <conditions>
                    <condition number="41" type="jump" coverage="100%" />
                  </conditions>
                </line>
                <line number="544" hits="3089510" branch="False" />
                <line number="549" hits="2859162" branch="True" condition-coverage="100% (2/2)">
                  <conditions>
                    <condition number="58" type="jump" coverage="100%" />
                  </conditions>
                </line>
                <line number="551" hits="2859162" branch="False" />
                <line number="555" hits="5948672" branch="True" condition-coverage="100% (2/2)">
                  <conditions>
                    <condition number="74" type="jump" coverage="100%" />
                  </conditions>
                </line>
                <line number="557" hits="744803" branch="False" />
                <line number="558" hits="744803" branch="False" />
                <line number="562" hits="1" branch="False" />
              </lines>
            </method>
            <method name="IsLeaf" signature="(Algorithms.HuffmanAlgorithm/Node_mp3)" line-rate="1" branch-rate="1" complexity="2">
              <lines>
                <line number="567" hits="5948672" branch="True" condition-coverage="100% (2/2)">
                  <conditions>
                    <condition number="6" type="jump" coverage="100%" />
                  </conditions>
                </line>
              </lines>
            </method>
            <method name=".ctor" signature="()" line-rate="1" branch-rate="1" complexity="1">
              <lines>
                <line number="470" hits="1" branch="False" />
                <line number="472" hits="1" branch="False" />
              </lines>
            </method>
          </methods>
          <lines>
            <line number="471" hits="1489862" branch="False" />
            <line number="476" hits="1489608" branch="True" condition-coverage="100% (2/2)">
              <conditions>
                <condition number="70" type="jump" coverage="100%" />
              </conditions>
            </line>
            <line number="478" hits="744803" branch="True" condition-coverage="100% (2/2)">
              <conditions>
                <condition number="18" type="jump" coverage="100%" />
              </conditions>
            </line>
            <line number="480" hits="256" branch="False" />
            <line number="483" hits="744803" branch="False" />
            <line number="486" hits="514" branch="True" condition-coverage="100% (2/2)">
              <conditions>
                <condition number="144" type="jump" coverage="100%" />
              </conditions>
            </line>
            <line number="488" hits="256" branch="False" />
            <line number="491" hits="256" branch="True" condition-coverage="100% (2/2)">
              <conditions>
                <condition number="403" type="jump" coverage="100%" />
              </conditions>
            </line>
            <line number="493" hits="33150" branch="False" />
            <line number="495" hits="255" branch="True" condition-coverage="100% (2/2)">
              <conditions>
                <condition number="222" type="jump" coverage="100%" />
              </conditions>
            </line>
            <line number="498" hits="255" branch="False" />
            <line number="501" hits="255" branch="False" />
            <line number="502" hits="255" branch="False" />
            <line number="503" hits="255" branch="False" />
            <line number="504" hits="255" branch="False" />
            <line number="505" hits="255" branch="False" />
            <line number="506" hits="255" branch="False" />
            <line number="507" hits="255" branch="False" />
            <line number="509" hits="255" branch="False" />
            <line number="510" hits="255" branch="False" />
            <line number="511" hits="255" branch="False" />
            <line number="514" hits="255" branch="False" />
            <line number="516" hits="1" branch="False" />
            <line number="520" hits="1" branch="False" />
            <line number="522" hits="1489608" branch="True" condition-coverage="100% (2/2)">
              <conditions>
                <condition number="50" type="jump" coverage="100%" />
              </conditions>
            </line>
            <line number="524" hits="744803" branch="False" />
            <line number="525" hits="744803" branch="False" />
            <line number="528" hits="1" branch="False" />
            <line number="530" hits="1" branch="False" />
            <line number="535" hits="1" branch="False" />
            <line number="536" hits="1" branch="False" />
            <line number="538" hits="11897346" branch="True" condition-coverage="100% (2/2)">
              <conditions>
                <condition number="101" type="jump" coverage="100%" />
              </conditions>
            </line>
            <line number="540" hits="5948672" branch="True" condition-coverage="100% (2/2)">
              <conditions>
                <condition number="33" type="jump" coverage="100%" />
              </conditions>
            </line>
            <line number="542" hits="3089510" branch="True" condition-coverage="100% (2/2)">
              <conditions>
                <condition number="41" type="jump" coverage="100%" />
              </conditions>
            </line>
            <line number="544" hits="3089510" branch="False" />
            <line number="549" hits="2859162" branch="True" condition-coverage="100% (2/2)">
              <conditions>
                <condition number="58" type="jump" coverage="100%" />
              </conditions>
            </line>
            <line number="551" hits="2859162" branch="False" />
            <line number="555" hits="5948672" branch="True" condition-coverage="100% (2/2)">
              <conditions>
                <condition number="74" type="jump" coverage="100%" />
              </conditions>
            </line>
            <line number="557" hits="744803" branch="False" />
            <line number="558" hits="744803" branch="False" />
            <line number="562" hits="1" branch="False" />
            <line number="567" hits="5948672" branch="True" condition-coverage="100% (2/2)">
              <conditions>
                <condition number="6" type="jump" coverage="100%" />
              </conditions>
            </line>
            <line number="470" hits="1" branch="False" />
            <line number="472" hits="1" branch="False" />
          </lines>
        </class>
        <class name="Algorithms.Item" filename="Users\ebcak\source\repos\ce100-hw3-sln\ce100-hw3-sln\Algorithms.cs" line-rate="1" branch-rate="1" complexity="4">
          <methods>
            <method name="get_Name" signature="()" line-rate="1" branch-rate="1" complexity="1">
              <lines>
                <line number="596" hits="65" branch="False" />
              </lines>
            </method>
            <method name="get_Id" signature="()" line-rate="1" branch-rate="1" complexity="1">
              <lines>
                <line number="597" hits="553" branch="False" />
              </lines>
            </method>
            <method name="get_Dependencies" signature="()" line-rate="1" branch-rate="1" complexity="1">
              <lines>
                <line number="598" hits="291" branch="False" />
              </lines>
            </method>
            <method name=".ctor" signature="(System.String,System.Int32)" line-rate="1" branch-rate="1" complexity="1">
              <lines>
                <line number="600" hits="11" branch="False" />
                <line number="602" hits="11" branch="False" />
                <line number="603" hits="11" branch="False" />
                <line number="604" hits="11" branch="False" />
                <line number="605" hits="11" branch="False" />
              </lines>
            </method>
          </methods>
          <lines>
            <line number="596" hits="65" branch="False" />
            <line number="597" hits="553" branch="False" />
            <line number="598" hits="291" branch="False" />
            <line number="600" hits="11" branch="False" />
            <line number="602" hits="11" branch="False" />
            <line number="603" hits="11" branch="False" />
            <line number="604" hits="11" branch="False" />
            <line number="605" hits="11" branch="False" />
          </lines>
        </class>
        <class name="Algorithms.AssemblyGuide" filename="Users\ebcak\source\repos\ce100-hw3-sln\ce100-hw3-sln\Algorithms.cs" line-rate="1" branch-rate="1" complexity="12">
          <methods>
            <method name="AddItem" signature="(System.Collections.Generic.List`1&lt;Algorithms.Item&gt;)" line-rate="1" branch-rate="1" complexity="1">
              <lines>
                <line number="620" hits="1" branch="False" />
                <line number="621" hits="1" branch="False" />
              </lines>
            </method>
            <method name="GetAssemblySteps" signature="()" line-rate="1" branch-rate="1" complexity="2">
              <lines>
                <line number="628" hits="24" branch="False" />
                <line number="629" hits="2" branch="False" />
                <line number="631" hits="48" branch="True" condition-coverage="100% (2/2)">
                  <conditions>
                    <condition number="163" type="jump" coverage="100%" />
                  </conditions>
                </line>
                <line number="633" hits="22" branch="False" />
                <line number="634" hits="266" branch="False" />
                <line number="635" hits="22" branch="False" />
                <line number="638" hits="2" branch="False" />
              </lines>
            </method>
            <method name="DFS" signature="(System.Int32,System.Collections.Generic.HashSet`1&lt;System.Int32&gt;,System.Collections.Generic.Stack`1&lt;System.Int32&gt;)" line-rate="1" branch-rate="1" complexity="4">
              <lines>
                <line number="644" hits="242" branch="False" />
                <line number="646" hits="1188" branch="True" condition-coverage="100% (2/2)">
                  <conditions>
                    <condition number="68" type="jump" coverage="100%" />
                  </conditions>
                </line>
                <line number="648" hits="352" branch="True" condition-coverage="100% (2/2)">
                  <conditions>
                    <condition number="50" type="jump" coverage="100%" />
                  </conditions>
                </line>
                <line number="650" hits="176" branch="False" />
                <line number="654" hits="242" branch="False" />
                <line number="655" hits="242" branch="False" />
              </lines>
            </method>
            <method name="TopologicalSort" signature="()" line-rate="1" branch-rate="1" complexity="4">
              <lines>
                <line number="659" hits="22" branch="False" />
                <line number="660" hits="22" branch="False" />
                <line number="662" hits="528" branch="True" condition-coverage="100% (2/2)">
                  <conditions>
                    <condition number="69" type="jump" coverage="100%" />
                  </conditions>
                </line>
                <line number="664" hits="242" branch="True" condition-coverage="100% (2/2)">
                  <conditions>
                    <condition number="46" type="jump" coverage="100%" />
                  </conditions>
                </line>
                <line number="666" hits="66" branch="False" />
                <line number="670" hits="22" branch="False" />
              </lines>
            </method>
            <method name=".ctor" signature="()" line-rate="1" branch-rate="1" complexity="1">
              <lines>
                <line number="612" hits="1" branch="False" />
                <line number="614" hits="1" branch="False" />
                <line number="615" hits="1" branch="False" />
              </lines>
            </method>
          </methods>
          <lines>
            <line number="620" hits="1" branch="False" />
            <line number="621" hits="1" branch="False" />
            <line number="628" hits="24" branch="False" />
            <line number="629" hits="2" branch="False" />
            <line number="631" hits="48" branch="True" condition-coverage="100% (2/2)">
              <conditions>
                <condition number="163" type="jump" coverage="100%" />
              </conditions>
            </line>
            <line number="633" hits="22" branch="False" />
            <line number="634" hits="266" branch="False" />
            <line number="635" hits="22" branch="False" />
            <line number="638" hits="2" branch="False" />
            <line number="644" hits="242" branch="False" />
            <line number="646" hits="1188" branch="True" condition-coverage="100% (2/2)">
              <conditions>
                <condition number="68" type="jump" coverage="100%" />
              </conditions>
            </line>
            <line number="648" hits="352" branch="True" condition-coverage="100% (2/2)">
              <conditions>
                <condition number="50" type="jump" coverage="100%" />
              </conditions>
            </line>
            <line number="650" hits="176" branch="False" />
            <line number="654" hits="242" branch="False" />
            <line number="655" hits="242" branch="False" />
            <line number="659" hits="22" branch="False" />
            <line number="660" hits="22" branch="False" />
            <line number="662" hits="528" branch="True" condition-coverage="100% (2/2)">
              <conditions>
                <condition number="69" type="jump" coverage="100%" />
              </conditions>
            </line>
            <line number="664" hits="242" branch="True" condition-coverage="100% (2/2)">
              <conditions>
                <condition number="46" type="jump" coverage="100%" />
              </conditions>
            </line>
            <line number="666" hits="66" branch="False" />
            <line number="670" hits="22" branch="False" />
            <line number="612" hits="1" branch="False" />
            <line number="614" hits="1" branch="False" />
            <line number="615" hits="1" branch="False" />
          </lines>
        </class>
      </classes>
    </package>
  </packages>
</coverage>