<?xml version="1.0" encoding="utf-8"?>
<coverage line-rate="0.6199" branch-rate="0.6705" version="1.9" timestamp="1683732348" lines-covered="380" lines-valid="613" branches-covered="114" branches-valid="170">
  <sources>
    <source>C:\Users\ebcak\</source>
  </sources>
  <packages>
    <package name="ce100-hw3-algo-lib-cs" line-rate="1" branch-rate="0.9661" complexity="144">
      <classes>
        <class name="Algorithms.Edge" filename="source\repos\ce100-hw3-sln\ce100-hw3-sln\Algorithms.cs" line-rate="1" branch-rate="0.5" complexity="6">
          <methods>
            <method name="get_StartN" signature="()" line-rate="1" branch-rate="1" complexity="1">
              <lines>
                <line number="19" hits="1420" branch="False" />
              </lines>
            </method>
            <method name="get_EndN" signature="()" line-rate="1" branch-rate="1" complexity="1">
              <lines>
                <line number="24" hits="1420" branch="False" />
              </lines>
            </method>
            <method name="get_Weight" signature="()" line-rate="1" branch-rate="1" complexity="1">
              <lines>
                <line number="29" hits="4614" branch="False" />
              </lines>
            </method>
            <method name="CompareTo" signature="(Algorithms.Edge)" line-rate="1" branch-rate="0.5" complexity="2">
              <lines>
                <line number="52" hits="1951" branch="False" />
                <line number="53" hits="1951" branch="True" condition-coverage="50% (1/2)">
                  <conditions>
                    <condition number="11" type="jump" coverage="50%" />
                  </conditions>
                </line>
                <line number="54" hits="1951" branch="False" />
              </lines>
            </method>
            <method name=".ctor" signature="(System.Int32,System.Int32,System.Int32)" line-rate="1" branch-rate="1" complexity="1">
              <lines>
                <line number="38" hits="712" branch="False" />
                <line number="39" hits="712" branch="False" />
                <line number="40" hits="712" branch="False" />
                <line number="41" hits="712" branch="False" />
                <line number="42" hits="712" branch="False" />
                <line number="43" hits="712" branch="False" />
              </lines>
            </method>
          </methods>
          <lines>
            <line number="19" hits="1420" branch="False" />
            <line number="24" hits="1420" branch="False" />
            <line number="29" hits="4614" branch="False" />
            <line number="52" hits="1951" branch="False" />
            <line number="53" hits="1951" branch="True" condition-coverage="50% (1/2)">
              <conditions>
                <condition number="11" type="jump" coverage="50%" />
              </conditions>
            </line>
            <line number="54" hits="1951" branch="False" />
            <line number="38" hits="712" branch="False" />
            <line number="39" hits="712" branch="False" />
            <line number="40" hits="712" branch="False" />
            <line number="41" hits="712" branch="False" />
            <line number="42" hits="712" branch="False" />
            <line number="43" hits="712" branch="False" />
          </lines>
        </class>
        <class name="Algorithms.KruskalAlgorithm" filename="source\repos\ce100-hw3-sln\ce100-hw3-sln\Algorithms.cs" line-rate="1" branch-rate="1" complexity="8">
          <methods>
            <method name="Kruskal" signature="(System.Int32,System.Collections.Generic.List`1&lt;Algorithms.Edge&gt;)" line-rate="1" branch-rate="1" complexity="4">
              <lines>
                <line number="75" hits="72" branch="False" />
                <line number="77" hits="72" branch="False" />
                <line number="80" hits="72" branch="False" />
                <line number="83" hits="72" branch="False" />
                <line number="84" hits="1632" branch="True" condition-coverage="100% (2/2)">
                  <conditions>
                    <condition number="113" type="jump" coverage="100%" />
                  </conditions>
                </line>
                <line number="85" hits="708" branch="False" />
                <line number="86" hits="708" branch="False" />
                <line number="87" hits="708" branch="False" />
                <line number="89" hits="708" branch="True" condition-coverage="100% (2/2)">
                  <conditions>
                    <condition number="87" type="jump" coverage="100%" />
                  </conditions>
                </line>
                <line number="90" hits="284" branch="False" />
                <line number="92" hits="284" branch="False" />
                <line number="95" hits="284" branch="False" />
                <line number="96" hits="284" branch="False" />
                <line number="97" hits="708" branch="False" />
                <line number="100" hits="72" branch="False" />
                <line number="101" hits="72" branch="False" />
              </lines>
            </method>
            <method name="FindRoot" signature="(System.Int32,System.Int32[])" line-rate="1" branch-rate="1" complexity="4">
              <lines>
                <line number="113" hits="1416" branch="False" />
                <line number="114" hits="1416" branch="False" />
                <line number="115" hits="1416" branch="False" />
                <line number="117" hits="2251" branch="True" condition-coverage="100% (2/2)">
                  <conditions>
                    <condition number="42" type="jump" coverage="100%" />
                  </conditions>
                </line>
                <line number="118" hits="835" branch="False" />
                <line number="119" hits="835" branch="False" />
                <line number="120" hits="835" branch="False" />
                <line number="121" hits="835" branch="False" />
                <line number="123" hits="2251" branch="True" condition-coverage="100% (2/2)">
                  <conditions>
                    <condition number="70" type="jump" coverage="100%" />
                  </conditions>
                </line>
                <line number="124" hits="835" branch="False" />
                <line number="125" hits="835" branch="False" />
                <line number="126" hits="835" branch="False" />
                <line number="127" hits="835" branch="False" />
                <line number="128" hits="835" branch="False" />
                <line number="130" hits="1416" branch="False" />
                <line number="131" hits="1416" branch="False" />
              </lines>
            </method>
          </methods>
          <lines>
            <line number="75" hits="72" branch="False" />
            <line number="77" hits="72" branch="False" />
            <line number="80" hits="72" branch="False" />
            <line number="83" hits="72" branch="False" />
            <line number="84" hits="1632" branch="True" condition-coverage="100% (2/2)">
              <conditions>
                <condition number="113" type="jump" coverage="100%" />
              </conditions>
            </line>
            <line number="85" hits="708" branch="False" />
            <line number="86" hits="708" branch="False" />
            <line number="87" hits="708" branch="False" />
            <line number="89" hits="708" branch="True" condition-coverage="100% (2/2)">
              <conditions>
                <condition number="87" type="jump" coverage="100%" />
              </conditions>
            </line>
            <line number="90" hits="284" branch="False" />
            <line number="92" hits="284" branch="False" />
            <line number="95" hits="284" branch="False" />
            <line number="96" hits="284" branch="False" />
            <line number="97" hits="708" branch="False" />
            <line number="100" hits="72" branch="False" />
            <line number="101" hits="72" branch="False" />
            <line number="113" hits="1416" branch="False" />
            <line number="114" hits="1416" branch="False" />
            <line number="115" hits="1416" branch="False" />
            <line number="117" hits="2251" branch="True" condition-coverage="100% (2/2)">
              <conditions>
                <condition number="42" type="jump" coverage="100%" />
              </conditions>
            </line>
            <line number="118" hits="835" branch="False" />
            <line number="119" hits="835" branch="False" />
            <line number="120" hits="835" branch="False" />
            <line number="121" hits="835" branch="False" />
            <line number="123" hits="2251" branch="True" condition-coverage="100% (2/2)">
              <conditions>
                <condition number="70" type="jump" coverage="100%" />
              </conditions>
            </line>
            <line number="124" hits="835" branch="False" />
            <line number="125" hits="835" branch="False" />
            <line number="126" hits="835" branch="False" />
            <line number="127" hits="835" branch="False" />
            <line number="128" hits="835" branch="False" />
            <line number="130" hits="1416" branch="False" />
            <line number="131" hits="1416" branch="False" />
          </lines>
        </class>
        <class name="Algorithms.BellmanFordAlgorithm" filename="source\repos\ce100-hw3-sln\ce100-hw3-sln\Algorithms.cs" line-rate="1" branch-rate="0.9" complexity="20">
          <methods>
            <method name="ShortestPath" signature="(System.Collections.Generic.List`1&lt;Algorithms.BellmanFordAlgorithm/Edge&gt;,System.Int32,System.Int32)" line-rate="1" branch-rate="0.9" complexity="20">
              <lines>
                <line number="179" hits="3" branch="False" />
                <line number="180" hits="3" branch="False" />
                <line number="181" hits="3" branch="False" />
                <line number="182" hits="3" branch="False" />
                <line number="184" hits="62" branch="True" condition-coverage="100% (2/2)">
                  <conditions>
                    <condition number="53" type="jump" coverage="100%" />
                  </conditions>
                </line>
                <line number="185" hits="28" branch="False" />
                <line number="186" hits="28" branch="False" />
                <line number="187" hits="28" branch="False" />
                <line number="189" hits="3" branch="False" />
                <line number="191" hits="28" branch="True" condition-coverage="100% (2/2)">
                  <conditions>
                    <condition number="231" type="jump" coverage="100%" />
                  </conditions>
                </line>
                <line number="192" hits="13" branch="False" />
                <line number="193" hits="13" branch="False" />
                <line number="195" hits="291" branch="True" condition-coverage="100% (2/2)">
                  <conditions>
                    <condition number="182" type="jump" coverage="100%" />
                  </conditions>
                </line>
                <line number="196" hits="126" branch="False" />
                <line number="197" hits="126" branch="False" />
                <line number="198" hits="126" branch="False" />
                <line number="199" hits="126" branch="False" />
                <line number="201" hits="126" branch="True" condition-coverage="75% (3/4)">
                  <conditions>
                    <condition number="128" type="jump" coverage="50%" />
                    <condition number="150" type="jump" coverage="100%" />
                  </conditions>
                </line>
                <line number="202" hits="70" branch="False" />
                <line number="203" hits="70" branch="False" />
                <line number="204" hits="70" branch="False" />
                <line number="205" hits="70" branch="False" />
                <line number="206" hits="70" branch="False" />
                <line number="207" hits="126" branch="False" />
                <line number="209" hits="13" branch="True" condition-coverage="100% (2/2)">
                  <conditions>
                    <condition number="210" type="jump" coverage="100%" />
                  </conditions>
                </line>
                <line number="210" hits="2" branch="False" />
                <line number="211" hits="2" branch="False" />
                <line number="213" hits="11" branch="False" />
                <line number="216" hits="50" branch="True" condition-coverage="100% (2/2)">
                  <conditions>
                    <condition number="337" type="jump" coverage="100%" />
                  </conditions>
                </line>
                <line number="217" hits="21" branch="False" />
                <line number="218" hits="21" branch="False" />
                <line number="219" hits="21" branch="False" />
                <line number="220" hits="21" branch="False" />
                <line number="222" hits="21" branch="True" condition-coverage="75% (3/4)">
                  <conditions>
                    <condition number="293" type="jump" coverage="50%" />
                    <condition number="315" type="jump" coverage="100%" />
                  </conditions>
                </line>
                <line number="223" hits="1" branch="False" />
                <line number="224" hits="1" branch="False" />
                <line number="226" hits="20" branch="False" />
                <line number="229" hits="2" branch="False" />
                <line number="230" hits="2" branch="False" />
                <line number="231" hits="9" branch="True" condition-coverage="100% (2/2)">
                  <conditions>
                    <condition number="405" type="jump" coverage="100%" />
                  </conditions>
                </line>
                <line number="232" hits="7" branch="False" />
                <line number="233" hits="7" branch="False" />
                <line number="234" hits="7" branch="False" />
                <line number="235" hits="7" branch="False" />
                <line number="237" hits="2" branch="False" />
                <line number="238" hits="2" branch="False" />
              </lines>
            </method>
          </methods>
          <lines>
            <line number="179" hits="3" branch="False" />
            <line number="180" hits="3" branch="False" />
            <line number="181" hits="3" branch="False" />
            <line number="182" hits="3" branch="False" />
            <line number="184" hits="62" branch="True" condition-coverage="100% (2/2)">
              <conditions>
                <condition number="53" type="jump" coverage="100%" />
              </conditions>
            </line>
            <line number="185" hits="28" branch="False" />
            <line number="186" hits="28" branch="False" />
            <line number="187" hits="28" branch="False" />
            <line number="189" hits="3" branch="False" />
            <line number="191" hits="28" branch="True" condition-coverage="100% (2/2)">
              <conditions>
                <condition number="231" type="jump" coverage="100%" />
              </conditions>
            </line>
            <line number="192" hits="13" branch="False" />
            <line number="193" hits="13" branch="False" />
            <line number="195" hits="291" branch="True" condition-coverage="100% (2/2)">
              <conditions>
                <condition number="182" type="jump" coverage="100%" />
              </conditions>
            </line>
            <line number="196" hits="126" branch="False" />
            <line number="197" hits="126" branch="False" />
            <line number="198" hits="126" branch="False" />
            <line number="199" hits="126" branch="False" />
            <line number="201" hits="126" branch="True" condition-coverage="75% (3/4)">
              <conditions>
                <condition number="128" type="jump" coverage="50%" />
                <condition number="150" type="jump" coverage="100%" />
              </conditions>
            </line>
            <line number="202" hits="70" branch="False" />
            <line number="203" hits="70" branch="False" />
            <line number="204" hits="70" branch="False" />
            <line number="205" hits="70" branch="False" />
            <line number="206" hits="70" branch="False" />
            <line number="207" hits="126" branch="False" />
            <line number="209" hits="13" branch="True" condition-coverage="100% (2/2)">
              <conditions>
                <condition number="210" type="jump" coverage="100%" />
              </conditions>
            </line>
            <line number="210" hits="2" branch="False" />
            <line number="211" hits="2" branch="False" />
            <line number="213" hits="11" branch="False" />
            <line number="216" hits="50" branch="True" condition-coverage="100% (2/2)">
              <conditions>
                <condition number="337" type="jump" coverage="100%" />
              </conditions>
            </line>
            <line number="217" hits="21" branch="False" />
            <line number="218" hits="21" branch="False" />
            <line number="219" hits="21" branch="False" />
            <line number="220" hits="21" branch="False" />
            <line number="222" hits="21" branch="True" condition-coverage="75% (3/4)">
              <conditions>
                <condition number="293" type="jump" coverage="50%" />
                <condition number="315" type="jump" coverage="100%" />
              </conditions>
            </line>
            <line number="223" hits="1" branch="False" />
            <line number="224" hits="1" branch="False" />
            <line number="226" hits="20" branch="False" />
            <line number="229" hits="2" branch="False" />
            <line number="230" hits="2" branch="False" />
            <line number="231" hits="9" branch="True" condition-coverage="100% (2/2)">
              <conditions>
                <condition number="405" type="jump" coverage="100%" />
              </conditions>
            </line>
            <line number="232" hits="7" branch="False" />
            <line number="233" hits="7" branch="False" />
            <line number="234" hits="7" branch="False" />
            <line number="235" hits="7" branch="False" />
            <line number="237" hits="2" branch="False" />
            <line number="238" hits="2" branch="False" />
          </lines>
        </class>
        <class name="Algorithms.BellmanFordAlgorithm/Edge" filename="source\repos\ce100-hw3-sln\ce100-hw3-sln\Algorithms.cs" line-rate="1" branch-rate="1" complexity="3">
          <methods>
            <method name="get_Start" signature="()" line-rate="1" branch-rate="1" complexity="1">
              <lines>
                <line number="149" hits="175" branch="False" />
              </lines>
            </method>
            <method name="get_End" signature="()" line-rate="1" branch-rate="1" complexity="1">
              <lines>
                <line number="155" hits="175" branch="False" />
              </lines>
            </method>
            <method name="get_Weight" signature="()" line-rate="1" branch-rate="1" complexity="1">
              <lines>
                <line number="161" hits="175" branch="False" />
              </lines>
            </method>
          </methods>
          <lines>
            <line number="149" hits="175" branch="False" />
            <line number="155" hits="175" branch="False" />
            <line number="161" hits="175" branch="False" />
          </lines>
        </class>
        <class name="Algorithms.HuffmanAlgorithm" filename="source\repos\ce100-hw3-sln\ce100-hw3-sln\Algorithms.cs" line-rate="1" branch-rate="1" complexity="5">
          <methods>
            <method name="WriteBitArray" signature="(System.IO.BinaryWriter,System.Collections.BitArray)" line-rate="1" branch-rate="1" complexity="1">
              <lines>
                <line number="571" hits="2" branch="False" />
                <line number="572" hits="2" branch="False" />
                <line number="573" hits="2" branch="False" />
                <line number="574" hits="2" branch="False" />
                <line number="575" hits="2" branch="False" />
              </lines>
            </method>
            <method name="ReadBitArray" signature="(System.IO.BinaryReader,System.Int64)" line-rate="1" branch-rate="1" complexity="4">
              <lines>
                <line number="578" hits="2" branch="False" />
                <line number="579" hits="2" branch="False" />
                <line number="580" hits="2" branch="False" />
                <line number="581" hits="2257940" branch="True" condition-coverage="100% (2/2)">
                  <conditions>
                    <condition number="82" type="jump" coverage="100%" />
                  </conditions>
                </line>
                <line number="582" hits="1128967" branch="False" />
                <line number="583" hits="20321406" branch="True" condition-coverage="100% (2/2)">
                  <conditions>
                    <condition number="71" type="jump" coverage="100%" />
                  </conditions>
                </line>
                <line number="584" hits="9031736" branch="False" />
                <line number="585" hits="9031736" branch="False" />
                <line number="586" hits="9031736" branch="False" />
                <line number="587" hits="1128967" branch="False" />
                <line number="588" hits="2" branch="False" />
                <line number="589" hits="2" branch="False" />
              </lines>
            </method>
          </methods>
          <lines>
            <line number="571" hits="2" branch="False" />
            <line number="572" hits="2" branch="False" />
            <line number="573" hits="2" branch="False" />
            <line number="574" hits="2" branch="False" />
            <line number="575" hits="2" branch="False" />
            <line number="578" hits="2" branch="False" />
            <line number="579" hits="2" branch="False" />
            <line number="580" hits="2" branch="False" />
            <line number="581" hits="2257940" branch="True" condition-coverage="100% (2/2)">
              <conditions>
                <condition number="82" type="jump" coverage="100%" />
              </conditions>
            </line>
            <line number="582" hits="1128967" branch="False" />
            <line number="583" hits="20321406" branch="True" condition-coverage="100% (2/2)">
              <conditions>
                <condition number="71" type="jump" coverage="100%" />
              </conditions>
            </line>
            <line number="584" hits="9031736" branch="False" />
            <line number="585" hits="9031736" branch="False" />
            <line number="586" hits="9031736" branch="False" />
            <line number="587" hits="1128967" branch="False" />
            <line number="588" hits="2" branch="False" />
            <line number="589" hits="2" branch="False" />
          </lines>
        </class>
        <class name="Algorithms.HuffmanAlgorithm/Node_Txt" filename="source\repos\ce100-hw3-sln\ce100-hw3-sln\Algorithms.cs" line-rate="1" branch-rate="1" complexity="16">
          <methods>
            <method name="get_Symbol" signature="()" line-rate="1" branch-rate="1" complexity="1">
              <lines>
                <line number="253" hits="17875319" branch="False" />
              </lines>
            </method>
            <method name="get_Frequency" signature="()" line-rate="1" branch-rate="1" complexity="1">
              <lines>
                <line number="254" hits="364" branch="False" />
              </lines>
            </method>
            <method name="get_Right" signature="()" line-rate="1" branch-rate="1" complexity="1">
              <lines>
                <line number="255" hits="70408912" branch="False" />
              </lines>
            </method>
            <method name="get_Left" signature="()" line-rate="1" branch-rate="1" complexity="1">
              <lines>
                <line number="256" hits="55774397" branch="False" />
              </lines>
            </method>
            <method name="Traverse" signature="(System.Char,System.Collections.Generic.List`1&lt;System.Boolean&gt;)" line-rate="1" branch-rate="1" complexity="12">
              <lines>
                <line number="259" hits="33516135" branch="False" />
                <line number="261" hits="33516135" branch="True" condition-coverage="100% (4/4)">
                  <conditions>
                    <condition number="7" type="jump" coverage="100%" />
                    <condition number="23" type="jump" coverage="100%" />
                  </conditions>
                </line>
                <line number="262" hits="17130469" branch="False" />
                <line number="263" hits="17130469" branch="True" condition-coverage="100% (2/2)">
                  <conditions>
                    <condition number="41" type="jump" coverage="100%" />
                  </conditions>
                </line>
                <line number="264" hits="744803" branch="False" />
                <line number="265" hits="744803" branch="False" />
                <line number="268" hits="16385666" branch="False" />
                <line number="269" hits="16385666" branch="False" />
                <line number="273" hits="16385666" branch="False" />
                <line number="274" hits="16385666" branch="False" />
                <line number="275" hits="16385666" branch="False" />
                <line number="277" hits="16385666" branch="True" condition-coverage="100% (2/2)">
                  <conditions>
                    <condition number="78" type="jump" coverage="100%" />
                  </conditions>
                </line>
                <line number="278" hits="16385666" branch="False" />
                <line number="279" hits="16385666" branch="False" />
                <line number="280" hits="16385666" branch="False" />
                <line number="281" hits="16385666" branch="False" />
                <line number="283" hits="16385666" branch="False" />
                <line number="284" hits="16385666" branch="False" />
                <line number="286" hits="16385666" branch="True" condition-coverage="100% (2/2)">
                  <conditions>
                    <condition number="135" type="jump" coverage="100%" />
                  </conditions>
                </line>
                <line number="287" hits="16385666" branch="False" />
                <line number="288" hits="16385666" branch="False" />
                <line number="289" hits="16385666" branch="False" />
                <line number="290" hits="16385666" branch="False" />
                <line number="291" hits="16385666" branch="False" />
                <line number="292" hits="16385666" branch="False" />
                <line number="294" hits="16385666" branch="True" condition-coverage="100% (2/2)">
                  <conditions>
                    <condition number="188" type="jump" coverage="100%" />
                  </conditions>
                </line>
                <line number="295" hits="1394748" branch="False" />
                <line number="296" hits="1394748" branch="False" />
                <line number="299" hits="14990918" branch="False" />
                <line number="300" hits="14990918" branch="False" />
                <line number="303" hits="33516135" branch="False" />
              </lines>
            </method>
          </methods>
          <lines>
            <line number="253" hits="17875319" branch="False" />
            <line number="254" hits="364" branch="False" />
            <line number="255" hits="70408912" branch="False" />
            <line number="256" hits="55774397" branch="False" />
            <line number="259" hits="33516135" branch="False" />
            <line number="261" hits="33516135" branch="True" condition-coverage="100% (4/4)">
              <conditions>
                <condition number="7" type="jump" coverage="100%" />
                <condition number="23" type="jump" coverage="100%" />
              </conditions>
            </line>
            <line number="262" hits="17130469" branch="False" />
            <line number="263" hits="17130469" branch="True" condition-coverage="100% (2/2)">
              <conditions>
                <condition number="41" type="jump" coverage="100%" />
              </conditions>
            </line>
            <line number="264" hits="744803" branch="False" />
            <line number="265" hits="744803" branch="False" />
            <line number="268" hits="16385666" branch="False" />
            <line number="269" hits="16385666" branch="False" />
            <line number="273" hits="16385666" branch="False" />
            <line number="274" hits="16385666" branch="False" />
            <line number="275" hits="16385666" branch="False" />
            <line number="277" hits="16385666" branch="True" condition-coverage="100% (2/2)">
              <conditions>
                <condition number="78" type="jump" coverage="100%" />
              </conditions>
            </line>
            <line number="278" hits="16385666" branch="False" />
            <line number="279" hits="16385666" branch="False" />
            <line number="280" hits="16385666" branch="False" />
            <line number="281" hits="16385666" branch="False" />
            <line number="283" hits="16385666" branch="False" />
            <line number="284" hits="16385666" branch="False" />
            <line number="286" hits="16385666" branch="True" condition-coverage="100% (2/2)">
              <conditions>
                <condition number="135" type="jump" coverage="100%" />
              </conditions>
            </line>
            <line number="287" hits="16385666" branch="False" />
            <line number="288" hits="16385666" branch="False" />
            <line number="289" hits="16385666" branch="False" />
            <line number="290" hits="16385666" branch="False" />
            <line number="291" hits="16385666" branch="False" />
            <line number="292" hits="16385666" branch="False" />
            <line number="294" hits="16385666" branch="True" condition-coverage="100% (2/2)">
              <conditions>
                <condition number="188" type="jump" coverage="100%" />
              </conditions>
            </line>
            <line number="295" hits="1394748" branch="False" />
            <line number="296" hits="1394748" branch="False" />
            <line number="299" hits="14990918" branch="False" />
            <line number="300" hits="14990918" branch="False" />
            <line number="303" hits="33516135" branch="False" />
          </lines>
        </class>
        <class name="Algorithms.HuffmanAlgorithm/HuffmanTree" filename="source\repos\ce100-hw3-sln\ce100-hw3-sln\Algorithms.cs" line-rate="1" branch-rate="1" complexity="26">
          <methods>
            <method name="get_Root" signature="()" line-rate="1" branch-rate="1" complexity="1">
              <lines>
                <line number="309" hits="1489631" branch="False" />
              </lines>
            </method>
            <method name="Build" signature="(System.String)" line-rate="1" branch-rate="1" complexity="10">
              <lines>
                <line number="313" hits="1" branch="False" />
                <line number="314" hits="1489608" branch="True" condition-coverage="100% (2/2)">
                  <conditions>
                    <condition number="103" type="jump" coverage="100%" />
                  </conditions>
                </line>
                <line number="315" hits="744803" branch="False" />
                <line number="316" hits="744803" branch="True" condition-coverage="100% (2/2)">
                  <conditions>
                    <condition number="29" type="jump" coverage="100%" />
                  </conditions>
                </line>
                <line number="317" hits="23" branch="False" />
                <line number="318" hits="23" branch="False" />
                <line number="319" hits="23" branch="False" />
                <line number="321" hits="744803" branch="False" />
                <line number="322" hits="744803" branch="False" />
                <line number="324" hits="49" branch="True" condition-coverage="100% (2/2)">
                  <conditions>
                    <condition number="184" type="jump" coverage="100%" />
                  </conditions>
                </line>
                <line number="325" hits="23" branch="False" />
                <line number="326" hits="23" branch="False" />
                <line number="327" hits="23" branch="False" />
                <line number="329" hits="23" branch="True" condition-coverage="100% (2/2)">
                  <conditions>
                    <condition number="468" type="jump" coverage="100%" />
                  </conditions>
                </line>
                <line number="330" hits="22" branch="False" />
                <line number="331" hits="297" branch="False" />
                <line number="333" hits="22" branch="True" condition-coverage="100% (2/2)">
                  <conditions>
                    <condition number="275" type="jump" coverage="100%" />
                  </conditions>
                </line>
                <line number="334" hits="22" branch="False" />
                <line number="336" hits="22" branch="False" />
                <line number="339" hits="22" branch="False" />
                <line number="340" hits="22" branch="False" />
                <line number="341" hits="22" branch="False" />
                <line number="342" hits="22" branch="False" />
                <line number="343" hits="22" branch="False" />
                <line number="344" hits="22" branch="False" />
                <line number="345" hits="22" branch="False" />
                <line number="347" hits="22" branch="False" />
                <line number="348" hits="22" branch="False" />
                <line number="349" hits="22" branch="False" />
                <line number="350" hits="22" branch="False" />
                <line number="352" hits="22" branch="False" />
                <line number="354" hits="22" branch="False" />
                <line number="356" hits="1" branch="False" />
              </lines>
            </method>
            <method name="Encode" signature="(System.String)" line-rate="1" branch-rate="1" complexity="2">
              <lines>
                <line number="359" hits="1" branch="False" />
                <line number="360" hits="1" branch="False" />
                <line number="362" hits="1489608" branch="True" condition-coverage="100% (2/2)">
                  <conditions>
                    <condition number="62" type="jump" coverage="100%" />
                  </conditions>
                </line>
                <line number="363" hits="744803" branch="False" />
                <line number="364" hits="744803" branch="False" />
                <line number="365" hits="744803" branch="False" />
                <line number="366" hits="744803" branch="False" />
                <line number="368" hits="1" branch="False" />
                <line number="370" hits="1" branch="False" />
                <line number="371" hits="1" branch="False" />
              </lines>
            </method>
            <method name="Decode" signature="(System.Collections.BitArray)" line-rate="1" branch-rate="1" complexity="10">
              <lines>
                <line number="374" hits="1" branch="False" />
                <line number="375" hits="1" branch="False" />
                <line number="376" hits="1" branch="False" />
                <line number="378" hits="6166131" branch="True" condition-coverage="100% (2/2)">
                  <conditions>
                    <condition number="149" type="jump" coverage="100%" />
                  </conditions>
                </line>
                <line number="379" hits="3083064" branch="False" />
                <line number="380" hits="3083064" branch="True" condition-coverage="100% (2/2)">
                  <conditions>
                    <condition number="42" type="jump" coverage="100%" />
                  </conditions>
                </line>
                <line number="381" hits="1688309" branch="False" />
                <line number="382" hits="1688309" branch="True" condition-coverage="100% (2/2)">
                  <conditions>
                    <condition number="58" type="jump" coverage="100%" />
                  </conditions>
                </line>
                <line number="383" hits="1688309" branch="False" />
                <line number="384" hits="1688309" branch="False" />
                <line number="385" hits="1688309" branch="False" />
                <line number="386" hits="1688309" branch="False" />
                <line number="388" hits="1394755" branch="False" />
                <line number="389" hits="1394755" branch="True" condition-coverage="100% (2/2)">
                  <conditions>
                    <condition number="86" type="jump" coverage="100%" />
                  </conditions>
                </line>
                <line number="390" hits="1394755" branch="False" />
                <line number="391" hits="1394755" branch="False" />
                <line number="392" hits="1394755" branch="False" />
                <line number="393" hits="1394755" branch="False" />
                <line number="395" hits="3083064" branch="True" condition-coverage="100% (2/2)">
                  <conditions>
                    <condition number="109" type="jump" coverage="100%" />
                  </conditions>
                </line>
                <line number="396" hits="744805" branch="False" />
                <line number="397" hits="744805" branch="False" />
                <line number="398" hits="744805" branch="False" />
                <line number="399" hits="744805" branch="False" />
                <line number="400" hits="3083064" branch="False" />
                <line number="402" hits="1" branch="False" />
                <line number="403" hits="1" branch="False" />
              </lines>
            </method>
            <method name="IsLeaf" signature="(Algorithms.HuffmanAlgorithm/Node_Txt)" line-rate="1" branch-rate="1" complexity="2">
              <lines>
                <line number="406" hits="3083064" branch="False" />
                <line number="407" hits="3083064" branch="True" condition-coverage="100% (2/2)">
                  <conditions>
                    <condition number="7" type="jump" coverage="100%" />
                  </conditions>
                </line>
                <line number="408" hits="3083064" branch="False" />
              </lines>
            </method>
            <method name=".ctor" signature="()" line-rate="1" branch-rate="1" complexity="1">
              <lines>
                <line number="308" hits="1" branch="False" />
                <line number="310" hits="1" branch="False" />
              </lines>
            </method>
          </methods>
          <lines>
            <line number="309" hits="1489631" branch="False" />
            <line number="313" hits="1" branch="False" />
            <line number="314" hits="1489608" branch="True" condition-coverage="100% (2/2)">
              <conditions>
                <condition number="103" type="jump" coverage="100%" />
              </conditions>
            </line>
            <line number="315" hits="744803" branch="False" />
            <line number="316" hits="744803" branch="True" condition-coverage="100% (2/2)">
              <conditions>
                <condition number="29" type="jump" coverage="100%" />
              </conditions>
            </line>
            <line number="317" hits="23" branch="False" />
            <line number="318" hits="23" branch="False" />
            <line number="319" hits="23" branch="False" />
            <line number="321" hits="744803" branch="False" />
            <line number="322" hits="744803" branch="False" />
            <line number="324" hits="49" branch="True" condition-coverage="100% (2/2)">
              <conditions>
                <condition number="184" type="jump" coverage="100%" />
              </conditions>
            </line>
            <line number="325" hits="23" branch="False" />
            <line number="326" hits="23" branch="False" />
            <line number="327" hits="23" branch="False" />
            <line number="329" hits="23" branch="True" condition-coverage="100% (2/2)">
              <conditions>
                <condition number="468" type="jump" coverage="100%" />
              </conditions>
            </line>
            <line number="330" hits="22" branch="False" />
            <line number="331" hits="297" branch="False" />
            <line number="333" hits="22" branch="True" condition-coverage="100% (2/2)">
              <conditions>
                <condition number="275" type="jump" coverage="100%" />
              </conditions>
            </line>
            <line number="334" hits="22" branch="False" />
            <line number="336" hits="22" branch="False" />
            <line number="339" hits="22" branch="False" />
            <line number="340" hits="22" branch="False" />
            <line number="341" hits="22" branch="False" />
            <line number="342" hits="22" branch="False" />
            <line number="343" hits="22" branch="False" />
            <line number="344" hits="22" branch="False" />
            <line number="345" hits="22" branch="False" />
            <line number="347" hits="22" branch="False" />
            <line number="348" hits="22" branch="False" />
            <line number="349" hits="22" branch="False" />
            <line number="350" hits="22" branch="False" />
            <line number="352" hits="22" branch="False" />
            <line number="354" hits="22" branch="False" />
            <line number="356" hits="1" branch="False" />
            <line number="359" hits="1" branch="False" />
            <line number="360" hits="1" branch="False" />
            <line number="362" hits="1489608" branch="True" condition-coverage="100% (2/2)">
              <conditions>
                <condition number="62" type="jump" coverage="100%" />
              </conditions>
            </line>
            <line number="363" hits="744803" branch="False" />
            <line number="364" hits="744803" branch="False" />
            <line number="365" hits="744803" branch="False" />
            <line number="366" hits="744803" branch="False" />
            <line number="368" hits="1" branch="False" />
            <line number="370" hits="1" branch="False" />
            <line number="371" hits="1" branch="False" />
            <line number="374" hits="1" branch="False" />
            <line number="375" hits="1" branch="False" />
            <line number="376" hits="1" branch="False" />
            <line number="378" hits="6166131" branch="True" condition-coverage="100% (2/2)">
              <conditions>
                <condition number="149" type="jump" coverage="100%" />
              </conditions>
            </line>
            <line number="379" hits="3083064" branch="False" />
            <line number="380" hits="3083064" branch="True" condition-coverage="100% (2/2)">
              <conditions>
                <condition number="42" type="jump" coverage="100%" />
              </conditions>
            </line>
            <line number="381" hits="1688309" branch="False" />
            <line number="382" hits="1688309" branch="True" condition-coverage="100% (2/2)">
              <conditions>
                <condition number="58" type="jump" coverage="100%" />
              </conditions>
            </line>
            <line number="383" hits="1688309" branch="False" />
            <line number="384" hits="1688309" branch="False" />
            <line number="385" hits="1688309" branch="False" />
            <line number="386" hits="1688309" branch="False" />
            <line number="388" hits="1394755" branch="False" />
            <line number="389" hits="1394755" branch="True" condition-coverage="100% (2/2)">
              <conditions>
                <condition number="86" type="jump" coverage="100%" />
              </conditions>
            </line>
            <line number="390" hits="1394755" branch="False" />
            <line number="391" hits="1394755" branch="False" />
            <line number="392" hits="1394755" branch="False" />
            <line number="393" hits="1394755" branch="False" />
            <line number="395" hits="3083064" branch="True" condition-coverage="100% (2/2)">
              <conditions>
                <condition number="109" type="jump" coverage="100%" />
              </conditions>
            </line>
            <line number="396" hits="744805" branch="False" />
            <line number="397" hits="744805" branch="False" />
            <line number="398" hits="744805" branch="False" />
            <line number="399" hits="744805" branch="False" />
            <line number="400" hits="3083064" branch="False" />
            <line number="402" hits="1" branch="False" />
            <line number="403" hits="1" branch="False" />
            <line number="406" hits="3083064" branch="False" />
            <line number="407" hits="3083064" branch="True" condition-coverage="100% (2/2)">
              <conditions>
                <condition number="7" type="jump" coverage="100%" />
              </conditions>
            </line>
            <line number="408" hits="3083064" branch="False" />
            <line number="308" hits="1" branch="False" />
            <line number="310" hits="1" branch="False" />
          </lines>
        </class>
        <class name="Algorithms.HuffmanAlgorithm/Node_mp3" filename="source\repos\ce100-hw3-sln\ce100-hw3-sln\Algorithms.cs" line-rate="1" branch-rate="0.9285" complexity="18">
          <methods>
            <method name="get_Symbol" signature="()" line-rate="1" branch-rate="1" complexity="1">
              <lines>
                <line number="414" hits="191414882" branch="False" />
              </lines>
            </method>
            <method name="get_Frequency" signature="()" line-rate="1" branch-rate="1" complexity="1">
              <lines>
                <line number="415" hits="33916" branch="False" />
              </lines>
            </method>
            <method name="get_Left" signature="()" line-rate="1" branch-rate="1" complexity="1">
              <lines>
                <line number="416" hits="772111114" branch="False" />
              </lines>
            </method>
            <method name="get_Right" signature="()" line-rate="1" branch-rate="1" complexity="1">
              <lines>
                <line number="417" hits="577443176" branch="False" />
              </lines>
            </method>
            <method name="Traverse_mp3" signature="(System.Nullable`1&lt;System.Byte&gt;,System.Collections.Generic.List`1&lt;System.Boolean&gt;)" line-rate="1" branch-rate="0.9285" complexity="14">
              <lines>
                <line number="420" hits="380594333" branch="False" />
                <line number="422" hits="380594333" branch="True" condition-coverage="100% (4/4)">
                  <conditions>
                    <condition number="7" type="jump" coverage="100%" />
                    <condition number="23" type="jump" coverage="100%" />
                  </conditions>
                </line>
                <line number="423" hits="190669568" branch="False" />
                <line number="424" hits="190669568" branch="True" condition-coverage="75% (3/4)">
                  <conditions>
                    <condition number="41" type="jump" coverage="50%" />
                    <condition number="87" type="jump" coverage="100%" />
                  </conditions>
                </line>
                <line number="425" hits="744803" branch="False" />
                <line number="426" hits="744803" branch="False" />
                <line number="429" hits="189924765" branch="False" />
                <line number="430" hits="189924765" branch="False" />
                <line number="434" hits="189924765" branch="False" />
                <line number="435" hits="189924765" branch="False" />
                <line number="436" hits="189924765" branch="False" />
                <line number="438" hits="189924765" branch="True" condition-coverage="100% (2/2)">
                  <conditions>
                    <condition number="127" type="jump" coverage="100%" />
                  </conditions>
                </line>
                <line number="439" hits="189924765" branch="False" />
                <line number="440" hits="189924765" branch="False" />
                <line number="441" hits="189924765" branch="False" />
                <line number="442" hits="189924765" branch="False" />
                <line number="444" hits="189924765" branch="False" />
                <line number="445" hits="189924765" branch="False" />
                <line number="447" hits="189924765" branch="True" condition-coverage="100% (2/2)">
                  <conditions>
                    <condition number="185" type="jump" coverage="100%" />
                  </conditions>
                </line>
                <line number="448" hits="189924765" branch="False" />
                <line number="449" hits="189924765" branch="False" />
                <line number="450" hits="189924765" branch="False" />
                <line number="451" hits="189924765" branch="False" />
                <line number="453" hits="189924765" branch="False" />
                <line number="454" hits="189924765" branch="False" />
                <line number="456" hits="189924765" branch="True" condition-coverage="100% (2/2)">
                  <conditions>
                    <condition number="239" type="jump" coverage="100%" />
                  </conditions>
                </line>
                <line number="457" hits="2859157" branch="False" />
                <line number="458" hits="2859157" branch="False" />
                <line number="461" hits="187065608" branch="False" />
                <line number="462" hits="187065608" branch="False" />
                <line number="465" hits="380594333" branch="False" />
              </lines>
            </method>
          </methods>
          <lines>
            <line number="414" hits="191414882" branch="False" />
            <line number="415" hits="33916" branch="False" />
            <line number="416" hits="772111114" branch="False" />
            <line number="417" hits="577443176" branch="False" />
            <line number="420" hits="380594333" branch="False" />
            <line number="422" hits="380594333" branch="True" condition-coverage="100% (4/4)">
              <conditions>
                <condition number="7" type="jump" coverage="100%" />
                <condition number="23" type="jump" coverage="100%" />
              </conditions>
            </line>
            <line number="423" hits="190669568" branch="False" />
            <line number="424" hits="190669568" branch="True" condition-coverage="75% (3/4)">
              <conditions>
                <condition number="41" type="jump" coverage="50%" />
                <condition number="87" type="jump" coverage="100%" />
              </conditions>
            </line>
            <line number="425" hits="744803" branch="False" />
            <line number="426" hits="744803" branch="False" />
            <line number="429" hits="189924765" branch="False" />
            <line number="430" hits="189924765" branch="False" />
            <line number="434" hits="189924765" branch="False" />
            <line number="435" hits="189924765" branch="False" />
            <line number="436" hits="189924765" branch="False" />
            <line number="438" hits="189924765" branch="True" condition-coverage="100% (2/2)">
              <conditions>
                <condition number="127" type="jump" coverage="100%" />
              </conditions>
            </line>
            <line number="439" hits="189924765" branch="False" />
            <line number="440" hits="189924765" branch="False" />
            <line number="441" hits="189924765" branch="False" />
            <line number="442" hits="189924765" branch="False" />
            <line number="444" hits="189924765" branch="False" />
            <line number="445" hits="189924765" branch="False" />
            <line number="447" hits="189924765" branch="True" condition-coverage="100% (2/2)">
              <conditions>
                <condition number="185" type="jump" coverage="100%" />
              </conditions>
            </line>
            <line number="448" hits="189924765" branch="False" />
            <line number="449" hits="189924765" branch="False" />
            <line number="450" hits="189924765" branch="False" />
            <line number="451" hits="189924765" branch="False" />
            <line number="453" hits="189924765" branch="False" />
            <line number="454" hits="189924765" branch="False" />
            <line number="456" hits="189924765" branch="True" condition-coverage="100% (2/2)">
              <conditions>
                <condition number="239" type="jump" coverage="100%" />
              </conditions>
            </line>
            <line number="457" hits="2859157" branch="False" />
            <line number="458" hits="2859157" branch="False" />
            <line number="461" hits="187065608" branch="False" />
            <line number="462" hits="187065608" branch="False" />
            <line number="465" hits="380594333" branch="False" />
          </lines>
        </class>
        <class name="Algorithms.HuffmanAlgorithm/HuffmanTree_mp3" filename="source\repos\ce100-hw3-sln\ce100-hw3-sln\Algorithms.cs" line-rate="1" branch-rate="1" complexity="26">
          <methods>
            <method name="get_Root" signature="()" line-rate="1" branch-rate="1" complexity="1">
              <lines>
                <line number="471" hits="1489862" branch="False" />
              </lines>
            </method>
            <method name="Build" signature="(System.Byte[])" line-rate="1" branch-rate="1" complexity="10">
              <lines>
                <line number="475" hits="1" branch="False" />
                <line number="476" hits="1489608" branch="True" condition-coverage="100% (2/2)">
                  <conditions>
                    <condition number="88" type="jump" coverage="100%" />
                  </conditions>
                </line>
                <line number="477" hits="744803" branch="False" />
                <line number="478" hits="744803" branch="True" condition-coverage="100% (2/2)">
                  <conditions>
                    <condition number="25" type="jump" coverage="100%" />
                  </conditions>
                </line>
                <line number="479" hits="256" branch="False" />
                <line number="480" hits="256" branch="False" />
                <line number="481" hits="256" branch="False" />
                <line number="483" hits="744803" branch="False" />
                <line number="484" hits="744803" branch="False" />
                <line number="486" hits="515" branch="True" condition-coverage="100% (2/2)">
                  <conditions>
                    <condition number="169" type="jump" coverage="100%" />
                  </conditions>
                </line>
                <line number="487" hits="256" branch="False" />
                <line number="488" hits="256" branch="False" />
                <line number="489" hits="256" branch="False" />
                <line number="491" hits="256" branch="True" condition-coverage="100% (2/2)">
                  <conditions>
                    <condition number="456" type="jump" coverage="100%" />
                  </conditions>
                </line>
                <line number="492" hits="255" branch="False" />
                <line number="493" hits="33150" branch="False" />
                <line number="495" hits="255" branch="True" condition-coverage="100% (2/2)">
                  <conditions>
                    <condition number="260" type="jump" coverage="100%" />
                  </conditions>
                </line>
                <line number="496" hits="255" branch="False" />
                <line number="498" hits="255" branch="False" />
                <line number="501" hits="255" branch="False" />
                <line number="502" hits="255" branch="False" />
                <line number="503" hits="255" branch="False" />
                <line number="504" hits="255" branch="False" />
                <line number="505" hits="255" branch="False" />
                <line number="506" hits="255" branch="False" />
                <line number="507" hits="255" branch="False" />
                <line number="509" hits="255" branch="False" />
                <line number="510" hits="255" branch="False" />
                <line number="511" hits="255" branch="False" />
                <line number="512" hits="255" branch="False" />
                <line number="514" hits="255" branch="False" />
                <line number="515" hits="255" branch="False" />
                <line number="516" hits="1" branch="False" />
              </lines>
            </method>
            <method name="Encode" signature="(System.Byte[])" line-rate="1" branch-rate="1" complexity="2">
              <lines>
                <line number="519" hits="1" branch="False" />
                <line number="520" hits="1" branch="False" />
                <line number="522" hits="1489608" branch="True" condition-coverage="100% (2/2)">
                  <conditions>
                    <condition number="60" type="jump" coverage="100%" />
                  </conditions>
                </line>
                <line number="523" hits="744803" branch="False" />
                <line number="524" hits="744803" branch="False" />
                <line number="525" hits="744803" branch="False" />
                <line number="526" hits="744803" branch="False" />
                <line number="528" hits="1" branch="False" />
                <line number="530" hits="1" branch="False" />
                <line number="531" hits="1" branch="False" />
              </lines>
            </method>
            <method name="Decode" signature="(System.Collections.BitArray)" line-rate="1" branch-rate="1" complexity="10">
              <lines>
                <line number="534" hits="1" branch="False" />
                <line number="535" hits="1" branch="False" />
                <line number="536" hits="1" branch="False" />
                <line number="538" hits="11897347" branch="True" condition-coverage="100% (2/2)">
                  <conditions>
                    <condition number="140" type="jump" coverage="100%" />
                  </conditions>
                </line>
                <line number="539" hits="5948672" branch="False" />
                <line number="540" hits="5948672" branch="True" condition-coverage="100% (2/2)">
                  <conditions>
                    <condition number="42" type="jump" coverage="100%" />
                  </conditions>
                </line>
                <line number="541" hits="3089510" branch="False" />
                <line number="542" hits="3089510" branch="True" condition-coverage="100% (2/2)">
                  <conditions>
                    <condition number="58" type="jump" coverage="100%" />
                  </conditions>
                </line>
                <line number="543" hits="3089510" branch="False" />
                <line number="544" hits="3089510" branch="False" />
                <line number="545" hits="3089510" branch="False" />
                <line number="546" hits="3089510" branch="False" />
                <line number="548" hits="2859162" branch="False" />
                <line number="549" hits="2859162" branch="True" condition-coverage="100% (2/2)">
                  <conditions>
                    <condition number="86" type="jump" coverage="100%" />
                  </conditions>
                </line>
                <line number="550" hits="2859162" branch="False" />
                <line number="551" hits="2859162" branch="False" />
                <line number="552" hits="2859162" branch="False" />
                <line number="553" hits="2859162" branch="False" />
                <line number="555" hits="5948672" branch="True" condition-coverage="100% (2/2)">
                  <conditions>
                    <condition number="109" type="jump" coverage="100%" />
                  </conditions>
                </line>
                <line number="556" hits="744803" branch="False" />
                <line number="557" hits="744803" branch="False" />
                <line number="558" hits="744803" branch="False" />
                <line number="559" hits="744803" branch="False" />
                <line number="560" hits="5948672" branch="False" />
                <line number="562" hits="1" branch="False" />
                <line number="563" hits="1" branch="False" />
              </lines>
            </method>
            <method name="IsLeaf" signature="(Algorithms.HuffmanAlgorithm/Node_mp3)" line-rate="1" branch-rate="1" complexity="2">
              <lines>
                <line number="566" hits="5948672" branch="False" />
                <line number="567" hits="5948672" branch="True" condition-coverage="100% (2/2)">
                  <conditions>
                    <condition number="7" type="jump" coverage="100%" />
                  </conditions>
                </line>
                <line number="568" hits="5948672" branch="False" />
              </lines>
            </method>
            <method name=".ctor" signature="()" line-rate="1" branch-rate="1" complexity="1">
              <lines>
                <line number="470" hits="1" branch="False" />
                <line number="472" hits="1" branch="False" />
              </lines>
            </method>
          </methods>
          <lines>
            <line number="471" hits="1489862" branch="False" />
            <line number="475" hits="1" branch="False" />
            <line number="476" hits="1489608" branch="True" condition-coverage="100% (2/2)">
              <conditions>
                <condition number="88" type="jump" coverage="100%" />
              </conditions>
            </line>
            <line number="477" hits="744803" branch="False" />
            <line number="478" hits="744803" branch="True" condition-coverage="100% (2/2)">
              <conditions>
                <condition number="25" type="jump" coverage="100%" />
              </conditions>
            </line>
            <line number="479" hits="256" branch="False" />
            <line number="480" hits="256" branch="False" />
            <line number="481" hits="256" branch="False" />
            <line number="483" hits="744803" branch="False" />
            <line number="484" hits="744803" branch="False" />
            <line number="486" hits="515" branch="True" condition-coverage="100% (2/2)">
              <conditions>
                <condition number="169" type="jump" coverage="100%" />
              </conditions>
            </line>
            <line number="487" hits="256" branch="False" />
            <line number="488" hits="256" branch="False" />
            <line number="489" hits="256" branch="False" />
            <line number="491" hits="256" branch="True" condition-coverage="100% (2/2)">
              <conditions>
                <condition number="456" type="jump" coverage="100%" />
              </conditions>
            </line>
            <line number="492" hits="255" branch="False" />
            <line number="493" hits="33150" branch="False" />
            <line number="495" hits="255" branch="True" condition-coverage="100% (2/2)">
              <conditions>
                <condition number="260" type="jump" coverage="100%" />
              </conditions>
            </line>
            <line number="496" hits="255" branch="False" />
            <line number="498" hits="255" branch="False" />
            <line number="501" hits="255" branch="False" />
            <line number="502" hits="255" branch="False" />
            <line number="503" hits="255" branch="False" />
            <line number="504" hits="255" branch="False" />
            <line number="505" hits="255" branch="False" />
            <line number="506" hits="255" branch="False" />
            <line number="507" hits="255" branch="False" />
            <line number="509" hits="255" branch="False" />
            <line number="510" hits="255" branch="False" />
            <line number="511" hits="255" branch="False" />
            <line number="512" hits="255" branch="False" />
            <line number="514" hits="255" branch="False" />
            <line number="515" hits="255" branch="False" />
            <line number="516" hits="1" branch="False" />
            <line number="519" hits="1" branch="False" />
            <line number="520" hits="1" branch="False" />
            <line number="522" hits="1489608" branch="True" condition-coverage="100% (2/2)">
              <conditions>
                <condition number="60" type="jump" coverage="100%" />
              </conditions>
            </line>
            <line number="523" hits="744803" branch="False" />
            <line number="524" hits="744803" branch="False" />
            <line number="525" hits="744803" branch="False" />
            <line number="526" hits="744803" branch="False" />
            <line number="528" hits="1" branch="False" />
            <line number="530" hits="1" branch="False" />
            <line number="531" hits="1" branch="False" />
            <line number="534" hits="1" branch="False" />
            <line number="535" hits="1" branch="False" />
            <line number="536" hits="1" branch="False" />
            <line number="538" hits="11897347" branch="True" condition-coverage="100% (2/2)">
              <conditions>
                <condition number="140" type="jump" coverage="100%" />
              </conditions>
            </line>
            <line number="539" hits="5948672" branch="False" />
            <line number="540" hits="5948672" branch="True" condition-coverage="100% (2/2)">
              <conditions>
                <condition number="42" type="jump" coverage="100%" />
              </conditions>
            </line>
            <line number="541" hits="3089510" branch="False" />
            <line number="542" hits="3089510" branch="True" condition-coverage="100% (2/2)">
              <conditions>
                <condition number="58" type="jump" coverage="100%" />
              </conditions>
            </line>
            <line number="543" hits="3089510" branch="False" />
            <line number="544" hits="3089510" branch="False" />
            <line number="545" hits="3089510" branch="False" />
            <line number="546" hits="3089510" branch="False" />
            <line number="548" hits="2859162" branch="False" />
            <line number="549" hits="2859162" branch="True" condition-coverage="100% (2/2)">
              <conditions>
                <condition number="86" type="jump" coverage="100%" />
              </conditions>
            </line>
            <line number="550" hits="2859162" branch="False" />
            <line number="551" hits="2859162" branch="False" />
            <line number="552" hits="2859162" branch="False" />
            <line number="553" hits="2859162" branch="False" />
            <line number="555" hits="5948672" branch="True" condition-coverage="100% (2/2)">
              <conditions>
                <condition number="109" type="jump" coverage="100%" />
              </conditions>
            </line>
            <line number="556" hits="744803" branch="False" />
            <line number="557" hits="744803" branch="False" />
            <line number="558" hits="744803" branch="False" />
            <line number="559" hits="744803" branch="False" />
            <line number="560" hits="5948672" branch="False" />
            <line number="562" hits="1" branch="False" />
            <line number="563" hits="1" branch="False" />
            <line number="566" hits="5948672" branch="False" />
            <line number="567" hits="5948672" branch="True" condition-coverage="100% (2/2)">
              <conditions>
                <condition number="7" type="jump" coverage="100%" />
              </conditions>
            </line>
            <line number="568" hits="5948672" branch="False" />
            <line number="470" hits="1" branch="False" />
            <line number="472" hits="1" branch="False" />
          </lines>
        </class>
        <class name="Algorithms.Item" filename="source\repos\ce100-hw3-sln\ce100-hw3-sln\Algorithms.cs" line-rate="1" branch-rate="1" complexity="4">
          <methods>
            <method name="get_Name" signature="()" line-rate="1" branch-rate="1" complexity="1">
              <lines>
                <line number="596" hits="65" branch="False" />
              </lines>
            </method>
            <method name="get_Id" signature="()" line-rate="1" branch-rate="1" complexity="1">
              <lines>
                <line number="597" hits="553" branch="False" />
              </lines>
            </method>
            <method name="get_Dependencies" signature="()" line-rate="1" branch-rate="1" complexity="1">
              <lines>
                <line number="598" hits="291" branch="False" />
              </lines>
            </method>
            <method name=".ctor" signature="(System.String,System.Int32)" line-rate="1" branch-rate="1" complexity="1">
              <lines>
                <line number="600" hits="11" branch="False" />
                <line number="601" hits="11" branch="False" />
                <line number="602" hits="11" branch="False" />
                <line number="603" hits="11" branch="False" />
                <line number="604" hits="11" branch="False" />
                <line number="605" hits="11" branch="False" />
              </lines>
            </method>
          </methods>
          <lines>
            <line number="596" hits="65" branch="False" />
            <line number="597" hits="553" branch="False" />
            <line number="598" hits="291" branch="False" />
            <line number="600" hits="11" branch="False" />
            <line number="601" hits="11" branch="False" />
            <line number="602" hits="11" branch="False" />
            <line number="603" hits="11" branch="False" />
            <line number="604" hits="11" branch="False" />
            <line number="605" hits="11" branch="False" />
          </lines>
        </class>
        <class name="Algorithms.AssemblyGuide" filename="source\repos\ce100-hw3-sln\ce100-hw3-sln\Algorithms.cs" line-rate="1" branch-rate="1" complexity="12">
          <methods>
            <method name="AddItem" signature="(System.Collections.Generic.List`1&lt;Algorithms.Item&gt;)" line-rate="1" branch-rate="1" complexity="1">
              <lines>
                <line number="619" hits="1" branch="False" />
                <line number="620" hits="1" branch="False" />
                <line number="621" hits="1" branch="False" />
              </lines>
            </method>
            <method name="GetAssemblySteps" signature="()" line-rate="1" branch-rate="1" complexity="2">
              <lines>
                <line number="627" hits="2" branch="False" />
                <line number="628" hits="24" branch="False" />
                <line number="629" hits="2" branch="False" />
                <line number="631" hits="48" branch="True" condition-coverage="100% (2/2)">
                  <conditions>
                    <condition number="177" type="jump" coverage="100%" />
                  </conditions>
                </line>
                <line number="632" hits="22" branch="False" />
                <line number="633" hits="22" branch="False" />
                <line number="634" hits="266" branch="False" />
                <line number="635" hits="22" branch="False" />
                <line number="636" hits="22" branch="False" />
                <line number="638" hits="2" branch="False" />
                <line number="639" hits="2" branch="False" />
              </lines>
            </method>
            <method name="DFS" signature="(System.Int32,System.Collections.Generic.HashSet`1&lt;System.Int32&gt;,System.Collections.Generic.Stack`1&lt;System.Int32&gt;)" line-rate="1" branch-rate="1" complexity="4">
              <lines>
                <line number="643" hits="242" branch="False" />
                <line number="644" hits="242" branch="False" />
                <line number="646" hits="1430" branch="True" condition-coverage="100% (2/2)">
                  <conditions>
                    <condition number="80" type="jump" coverage="100%" />
                  </conditions>
                </line>
                <line number="647" hits="352" branch="False" />
                <line number="648" hits="352" branch="True" condition-coverage="100% (2/2)">
                  <conditions>
                    <condition number="58" type="jump" coverage="100%" />
                  </conditions>
                </line>
                <line number="649" hits="176" branch="False" />
                <line number="650" hits="176" branch="False" />
                <line number="651" hits="176" branch="False" />
                <line number="652" hits="352" branch="False" />
                <line number="654" hits="242" branch="False" />
                <line number="655" hits="242" branch="False" />
              </lines>
            </method>
            <method name="TopologicalSort" signature="()" line-rate="1" branch-rate="1" complexity="4">
              <lines>
                <line number="658" hits="22" branch="False" />
                <line number="659" hits="22" branch="False" />
                <line number="660" hits="22" branch="False" />
                <line number="662" hits="550" branch="True" condition-coverage="100% (2/2)">
                  <conditions>
                    <condition number="83" type="jump" coverage="100%" />
                  </conditions>
                </line>
                <line number="663" hits="242" branch="False" />
                <line number="664" hits="242" branch="True" condition-coverage="100% (2/2)">
                  <conditions>
                    <condition number="56" type="jump" coverage="100%" />
                  </conditions>
                </line>
                <line number="665" hits="66" branch="False" />
                <line number="666" hits="66" branch="False" />
                <line number="667" hits="66" branch="False" />
                <line number="668" hits="242" branch="False" />
                <line number="670" hits="22" branch="False" />
                <line number="671" hits="22" branch="False" />
              </lines>
            </method>
            <method name=".ctor" signature="()" line-rate="1" branch-rate="1" complexity="1">
              <lines>
                <line number="612" hits="1" branch="False" />
                <line number="613" hits="1" branch="False" />
                <line number="614" hits="1" branch="False" />
                <line number="615" hits="1" branch="False" />
              </lines>
            </method>
          </methods>
          <lines>
            <line number="619" hits="1" branch="False" />
            <line number="620" hits="1" branch="False" />
            <line number="621" hits="1" branch="False" />
            <line number="627" hits="2" branch="False" />
            <line number="628" hits="24" branch="False" />
            <line number="629" hits="2" branch="False" />
            <line number="631" hits="48" branch="True" condition-coverage="100% (2/2)">
              <conditions>
                <condition number="177" type="jump" coverage="100%" />
              </conditions>
            </line>
            <line number="632" hits="22" branch="False" />
            <line number="633" hits="22" branch="False" />
            <line number="634" hits="266" branch="False" />
            <line number="635" hits="22" branch="False" />
            <line number="636" hits="22" branch="False" />
            <line number="638" hits="2" branch="False" />
            <line number="639" hits="2" branch="False" />
            <line number="643" hits="242" branch="False" />
            <line number="644" hits="242" branch="False" />
            <line number="646" hits="1430" branch="True" condition-coverage="100% (2/2)">
              <conditions>
                <condition number="80" type="jump" coverage="100%" />
              </conditions>
            </line>
            <line number="647" hits="352" branch="False" />
            <line number="648" hits="352" branch="True" condition-coverage="100% (2/2)">
              <conditions>
                <condition number="58" type="jump" coverage="100%" />
              </conditions>
            </line>
            <line number="649" hits="176" branch="False" />
            <line number="650" hits="176" branch="False" />
            <line number="651" hits="176" branch="False" />
            <line number="652" hits="352" branch="False" />
            <line number="654" hits="242" branch="False" />
            <line number="655" hits="242" branch="False" />
            <line number="658" hits="22" branch="False" />
            <line number="659" hits="22" branch="False" />
            <line number="660" hits="22" branch="False" />
            <line number="662" hits="550" branch="True" condition-coverage="100% (2/2)">
              <conditions>
                <condition number="83" type="jump" coverage="100%" />
              </conditions>
            </line>
            <line number="663" hits="242" branch="False" />
            <line number="664" hits="242" branch="True" condition-coverage="100% (2/2)">
              <conditions>
                <condition number="56" type="jump" coverage="100%" />
              </conditions>
            </line>
            <line number="665" hits="66" branch="False" />
            <line number="666" hits="66" branch="False" />
            <line number="667" hits="66" branch="False" />
            <line number="668" hits="242" branch="False" />
            <line number="670" hits="22" branch="False" />
            <line number="671" hits="22" branch="False" />
            <line number="612" hits="1" branch="False" />
            <line number="613" hits="1" branch="False" />
            <line number="614" hits="1" branch="False" />
            <line number="615" hits="1" branch="False" />
          </lines>
        </class>
      </classes>
    </package>
    <package name="ce100-hw3-sln" line-rate="0" branch-rate="0" complexity="41">
      <classes>
[...]
                <line number="194" hits="0" branch="False" />
                <line number="195" hits="0" branch="False" />
                <line number="196" hits="0" branch="False" />
                <line number="197" hits="0" branch="False" />
                <line number="200" hits="0" branch="False" />
                <line number="203" hits="0" branch="False" />
                <line number="204" hits="0" branch="False" />
                <line number="205" hits="0" branch="False" />
              </lines>
            </method>
          </methods>
          <lines>
            <line number="183" hits="0" branch="False" />
            <line number="185" hits="0" branch="False" />
            <line number="186" hits="0" branch="False" />
            <line number="187" hits="0" branch="False" />
            <line number="188" hits="0" branch="False" />
            <line number="189" hits="0" branch="False" />
            <line number="190" hits="0" branch="False" />
            <line number="191" hits="0" branch="False" />
            <line number="192" hits="0" branch="False" />
            <line number="193" hits="0" branch="False" />
            <line number="194" hits="0" branch="False" />
            <line number="195" hits="0" branch="False" />
            <line number="196" hits="0" branch="False" />
            <line number="197" hits="0" branch="False" />
            <line number="200" hits="0" branch="False" />
            <line number="203" hits="0" branch="False" />
            <line number="204" hits="0" branch="False" />
            <line number="205" hits="0" branch="False" />
          </lines>
        </class>
        <class name="BelmannFordAlgorithmTest.HardBelmannFordAlgorithmTest" filename="source\repos\ce100-hw3-sln\UnitTest\UnitTest.cs" line-rate="0" branch-rate="1" complexity="1">
          <methods>
            <method name="Test_BellmanFord_Should_Handle_Multiple_Negative_Weight_Cycles" signature="()" line-rate="0" branch-rate="1" complexity="1">
              <lines>
                <line number="214" hits="0" branch="False" />
                <line number="216" hits="0" branch="False" />
                <line number="217" hits="0" branch="False" />
                <line number="218" hits="0" branch="False" />
                <line number="219" hits="0" branch="False" />
                <line number="220" hits="0" branch="False" />
                <line number="221" hits="0" branch="False" />
                <line number="222" hits="0" branch="False" />
                <line number="223" hits="0" branch="False" />
                <line number="224" hits="0" branch="False" />
                <line number="225" hits="0" branch="False" />
                <line number="226" hits="0" branch="False" />
                <line number="227" hits="0" branch="False" />
                <line number="228" hits="0" branch="False" />
                <line number="231" hits="0" branch="False" />
                <line number="232" hits="0" branch="False" />
                <line number="235" hits="0" branch="False" />
                <line number="236" hits="0" branch="False" />
              </lines>
            </method>
          </methods>
          <lines>
            <line number="214" hits="0" branch="False" />
            <line number="216" hits="0" branch="False" />
            <line number="217" hits="0" branch="False" />
            <line number="218" hits="0" branch="False" />
            <line number="219" hits="0" branch="False" />
            <line number="220" hits="0" branch="False" />
            <line number="221" hits="0" branch="False" />
            <line number="222" hits="0" branch="False" />
            <line number="223" hits="0" branch="False" />
            <line number="224" hits="0" branch="False" />
            <line number="225" hits="0" branch="False" />
            <line number="226" hits="0" branch="False" />
            <line number="227" hits="0" branch="False" />
            <line number="228" hits="0" branch="False" />
            <line number="231" hits="0" branch="False" />
            <line number="232" hits="0" branch="False" />
            <line number="235" hits="0" branch="False" />
            <line number="236" hits="0" branch="False" />
          </lines>
        </class>
        <class name="KruskalAlgorithmTest.EasyKruskalAlgorithmTest" filename="source\repos\ce100-hw3-sln\UnitTest\UnitTest.cs" line-rate="0" branch-rate="1" complexity="1">
          <methods>
            <method name="KruskalAlgorithm_Should_Return_Empty_List_When_Edges_List_Is_Empty" signature="()" line-rate="0" branch-rate="1" complexity="1">
              <lines>
                <line number="15" hits="0" branch="False" />
                <line number="17" hits="0" branch="False" />
                <line number="18" hits="0" branch="False" />
                <line number="21" hits="0" branch="False" />
                <line number="24" hits="0" branch="False" />
                <line number="25" hits="0" branch="False" />
              </lines>
            </method>
          </methods>
          <lines>
            <line number="15" hits="0" branch="False" />
            <line number="17" hits="0" branch="False" />
            <line number="18" hits="0" branch="False" />
            <line number="21" hits="0" branch="False" />
            <line number="24" hits="0" branch="False" />
            <line number="25" hits="0" branch="False" />
          </lines>
        </class>
        <class name="KruskalAlgorithmTest.MediumKruskalAlgorithmTest" filename="source\repos\ce100-hw3-sln\UnitTest\UnitTest.cs" line-rate="0" branch-rate="1" complexity="1">
          <methods>
            <method name="TestKruskalAlgorithmWithFiveVertices" signature="()" line-rate="0" branch-rate="1" complexity="1">
              <lines>
                <line number="32" hits="0" branch="False" />
                <line number="33" hits="0" branch="False" />
                <line number="34" hits="0" branch="False" />
                <line number="35" hits="0" branch="False" />
                <line number="36" hits="0" branch="False" />
                <line number="37" hits="0" branch="False" />
                <line number="38" hits="0" branch="False" />
                <line number="39" hits="0" branch="False" />
                <line number="40" hits="0" branch="False" />
                <line number="41" hits="0" branch="False" />
                <line number="42" hits="0" branch="False" />
                <line number="43" hits="0" branch="False" />
                <line number="45" hits="0" branch="False" />
                <line number="47" hits="0" branch="False" />
                <line number="48" hits="0" branch="False" />
                <line number="49" hits="0" branch="False" />
                <line number="50" hits="0" branch="False" />
                <line number="51" hits="0" branch="False" />
                <line number="54" hits="0" branch="False" />
              </lines>
            </method>
          </methods>
          <lines>
            <line number="32" hits="0" branch="False" />
            <line number="33" hits="0" branch="False" />
            <line number="34" hits="0" branch="False" />
            <line number="35" hits="0" branch="False" />
            <line number="36" hits="0" branch="False" />
            <line number="37" hits="0" branch="False" />
            <line number="38" hits="0" branch="False" />
            <line number="39" hits="0" branch="False" />
            <line number="40" hits="0" branch="False" />
            <line number="41" hits="0" branch="False" />
            <line number="42" hits="0" branch="False" />
            <line number="43" hits="0" branch="False" />
            <line number="45" hits="0" branch="False" />
            <line number="47" hits="0" branch="False" />
            <line number="48" hits="0" branch="False" />
            <line number="49" hits="0" branch="False" />
            <line number="50" hits="0" branch="False" />
            <line number="51" hits="0" branch="False" />
            <line number="54" hits="0" branch="False" />
          </lines>
        </class>
        <class name="KruskalAlgorithmTest.HardKruskalAlgorithmTest" filename="source\repos\ce100-hw3-sln\UnitTest\UnitTest.cs" line-rate="0" branch-rate="1" complexity="1">
          <methods>
            <method name="Kruskal_ShouldReturnAllEdges_WhenGivenCompleteGraph" signature="()" line-rate="0" branch-rate="1" complexity="1">
              <lines>
                <line number="60" hits="0" branch="False" />
                <line number="62" hits="0" branch="False" />
                <line number="63" hits="0" branch="False" />
                <line number="64" hits="0" branch="False" />
                <line number="65" hits="0" branch="False" />
                <line number="66" hits="0" branch="False" />
                <line number="67" hits="0" branch="False" />
                <line number="68" hits="0" branch="False" />
                <line number="69" hits="0" branch="False" />
                <line number="70" hits="0" branch="False" />
                <line number="71" hits="0" branch="False" />
                <line number="72" hits="0" branch="False" />
                <line number="73" hits="0" branch="False" />
                <line number="74" hits="0" branch="False" />
                <line number="75" hits="0" branch="False" />
                <line number="78" hits="0" branch="False" />
                <line number="81" hits="0" branch="False" />
                <line number="82" hits="0" branch="False" />
                <line number="83" hits="0" branch="False" />
                <line number="84" hits="0" branch="False" />
                <line number="85" hits="0" branch="False" />
                <line number="86" hits="0" branch="False" />
              </lines>
            </method>
          </methods>
          <lines>
            <line number="60" hits="0" branch="False" />
            <line number="62" hits="0" branch="False" />
            <line number="63" hits="0" branch="False" />
            <line number="64" hits="0" branch="False" />
            <line number="65" hits="0" branch="False" />
            <line number="66" hits="0" branch="False" />
            <line number="67" hits="0" branch="False" />
            <line number="68" hits="0" branch="False" />
            <line number="69" hits="0" branch="False" />
            <line number="70" hits="0" branch="False" />
            <line number="71" hits="0" branch="False" />
            <line number="72" hits="0" branch="False" />
            <line number="73" hits="0" branch="False" />
            <line number="74" hits="0" branch="False" />
            <line number="75" hits="0" branch="False" />
            <line number="78" hits="0" branch="False" />
            <line number="81" hits="0" branch="False" />
            <line number="82" hits="0" branch="False" />
            <line number="83" hits="0" branch="False" />
            <line number="84" hits="0" branch="False" />
            <line number="85" hits="0" branch="False" />
            <line number="86" hits="0" branch="False" />
          </lines>
        </class>
        <class name="KruskalAlgorithmTest.ManyTreesForKruskalAlgorithmTest" filename="source\repos\ce100-hw3-sln\UnitTest\UnitTest.cs" line-rate="0" branch-rate="0" complexity="18">
          <methods>
            <method name="TestKruskalAlgorithmWithManyTrees" signature="()" line-rate="0" branch-rate="0" complexity="12">
              <lines>
                <line number="92" hits="0" branch="False" />
                <line number="94" hits="0" branch="False" />
                <line number="95" hits="0" branch="False" />
                <line number="96" hits="0" branch="True" condition-coverage="0% (0/2)">
                  <conditions>
                    <condition number="128" type="jump" coverage="0%" />
                  </conditions>
                </line>
                <line number="97" hits="0" branch="False" />
                <line number="98" hits="0" branch="False" />
                <line number="99" hits="0" branch="True" condition-coverage="0% (0/2)">
                  <conditions>
                    <condition number="98" type="jump" coverage="0%" />
                  </conditions>
                </line>
                <line number="100" hits="0" branch="False" />
                <line number="101" hits="0" branch="True" condition-coverage="0% (0/2)">
                  <conditions>
                    <condition number="80" type="jump" coverage="0%" />
                  </conditions>
                </line>
                <line number="102" hits="0" branch="False" />
                <line number="103" hits="0" branch="False" />
                <line number="104" hits="0" branch="False" />
                <line number="105" hits="0" branch="False" />
                <line number="106" hits="0" branch="False" />
                <line number="107" hits="0" branch="False" />
                <line number="110" hits="0" branch="True" condition-coverage="0% (0/2)">
                  <conditions>
                    <condition number="173" type="jump" coverage="0%" />
                  </conditions>
                </line>
                <line number="111" hits="0" branch="False" />
                <line number="112" hits="0" branch="False" />
                <line number="113" hits="0" branch="False" />
                <line number="116" hits="0" branch="True" condition-coverage="0% (0/2)">
                  <conditions>
                    <condition number="271" type="jump" coverage="0%" />
                  </conditions>
                </line>
                <line number="117" hits="0" branch="False" />
                <line number="118" hits="0" branch="True" condition-coverage="0% (0/2)">
                  <conditions>
                    <condition number="252" type="jump" coverage="0%" />
                  </conditions>
                </line>
                <line number="119" hits="0" branch="False" />
                <line number="120" hits="0" branch="False" />
                <line number="121" hits="0" branch="False" />
                <line number="122" hits="0" branch="False" />
                <line number="123" hits="0" branch="False" />
              </lines>
            </method>
            <method name="AreEqual" signature="(System.Collections.Generic.List`1&lt;Algorithms.Edge&gt;,System.Collections.Generic.List`1&lt;Algorithms.Edge&gt;)" line-rate="0" branch-rate="0" complexity="6">
              <lines>
                <line number="126" hits="0" branch="False" />
                <line number="127" hits="0" branch="True" condition-coverage="0% (0/2)">
                  <conditions>
                    <condition number="20" type="jump" coverage="0%" />
                  </conditions>
                </line>
                <line number="128" hits="0" branch="False" />
                <line number="129" hits="0" branch="False" />
                <line number="131" hits="0" branch="True" condition-coverage="0% (0/2)">
                  <conditions>
                    <condition number="75" type="jump" coverage="0%" />
                  </conditions>
                </line>
                <line number="132" hits="0" branch="False" />
                <line number="133" hits="0" branch="True" condition-coverage="0% (0/2)">
                  <conditions>
                    <condition number="60" type="jump" coverage="0%" />
                  </conditions>
                </line>
                <line number="134" hits="0" branch="False" />
                <line number="135" hits="0" branch="False" />
                <line number="137" hits="0" branch="False" />
                <line number="138" hits="0" branch="False" />
                <line number="139" hits="0" branch="False" />
              </lines>
            </method>
          </methods>
          <lines>
            <line number="92" hits="0" branch="False" />
            <line number="94" hits="0" branch="False" />
            <line number="95" hits="0" branch="False" />
            <line number="96" hits="0" branch="True" condition-coverage="0% (0/2)">
              <conditions>
                <condition number="128" type="jump" coverage="0%" />
              </conditions>
            </line>
            <line number="97" hits="0" branch="False" />
            <line number="98" hits="0" branch="False" />
            <line number="99" hits="0" branch="True" condition-coverage="0% (0/2)">
              <conditions>
                <condition number="98" type="jump" coverage="0%" />
              </conditions>
            </line>
            <line number="100" hits="0" branch="False" />
            <line number="101" hits="0" branch="True" condition-coverage="0% (0/2)">
              <conditions>
                <condition number="80" type="jump" coverage="0%" />
              </conditions>
            </line>
            <line number="102" hits="0" branch="False" />
            <line number="103" hits="0" branch="False" />
            <line number="104" hits="0" branch="False" />
            <line number="105" hits="0" branch="False" />
            <line number="106" hits="0" branch="False" />
            <line number="107" hits="0" branch="False" />
            <line number="110" hits="0" branch="True" condition-coverage="0% (0/2)">
              <conditions>
                <condition number="173" type="jump" coverage="0%" />
              </conditions>
            </line>
            <line number="111" hits="0" branch="False" />
            <line number="112" hits="0" branch="False" />
            <line number="113" hits="0" branch="False" />
            <line number="116" hits="0" branch="True" condition-coverage="0% (0/2)">
              <conditions>
                <condition number="271" type="jump" coverage="0%" />
              </conditions>
            </line>
            <line number="117" hits="0" branch="False" />
            <line number="118" hits="0" branch="True" condition-coverage="0% (0/2)">
              <conditions>
                <condition number="252" type="jump" coverage="0%" />
              </conditions>
            </line>
            <line number="119" hits="0" branch="False" />
            <line number="120" hits="0" branch="False" />
            <line number="121" hits="0" branch="False" />
            <line number="122" hits="0" branch="False" />
            <line number="123" hits="0" branch="False" />
            <line number="126" hits="0" branch="False" />
            <line number="127" hits="0" branch="True" condition-coverage="0% (0/2)">
              <conditions>
                <condition number="20" type="jump" coverage="0%" />
              </conditions>
            </line>
            <line number="128" hits="0" branch="False" />
            <line number="129" hits="0" branch="False" />
            <line number="131" hits="0" branch="True" condition-coverage="0% (0/2)">
              <conditions>
                <condition number="75" type="jump" coverage="0%" />
              </conditions>
            </line>
            <line number="132" hits="0" branch="False" />
            <line number="133" hits="0" branch="True" condition-coverage="0% (0/2)">
              <conditions>
                <condition number="60" type="jump" coverage="0%" />
              </conditions>
            </line>
            <line number="134" hits="0" branch="False" />
            <line number="135" hits="0" branch="False" />
            <line number="137" hits="0" branch="False" />
            <line number="138" hits="0" branch="False" />
            <line number="139" hits="0" branch="False" />
          </lines>
        </class>
      </classes>
    </package>
  </packages>
</coverage>